<?xml version="1.0" encoding="utf-8"?>
<shfbBuild product="Sandcastle Help File Builder" version="2015.1.12.0" projectFile="C:\Makesource\Windy2(スケジューラー)\仕様\windy2_Help.shfbproj" started="2017/10/19 15:58:02">
<buildStep step="Initializing">
Finding tools...
The Sandcastle tools are located in &#39;C:\Program Files\EWSoftware\Sandcastle Help File Builder\&#39;
Searching for HTML Help 1 compiler...
Found HTML Help 1 compiler in &#39;C:\Program Files\HTML Help Workshop\&#39;
Locating components in the following folder(s):
   C:\Makesource\Windy2(スケジューラー)\仕様
Using presentation style &#39;VS2010&#39; located in &#39;C:\Program Files\EWSoftware\Sandcastle Help File Builder\PresentationStyles\VS2010&#39;
</buildStep>
<buildStep step="ValidatingDocumentationSources">
Validating and copying documentation source information
Source: C:\Makesource\Windy2(スケジューラー)\Windy2\Windy2.vbproj
    Found project &#39;C:\Makesource\Windy2(スケジューラー)\Windy2\Windy2.vbproj&#39;

Parsing project files
    Found assembly &#39;C:\Makesource\Windy2(スケジューラー)\Windy2\bin\Release\Windy2.exe&#39;

References to include (excluding framework assemblies):
    AxKnTViewLib
    C1.Win.C1Command.4, Version=4.0.20133.19605, Culture=neutral, PublicKeyToken=e808566f358766d8, processorArchitecture=MSIL
    C1.Win.C1Ribbon.4, Version=4.0.20133.532, Culture=neutral, PublicKeyToken=79882d576c6336da, processorArchitecture=MSIL
    GrapeCity.Framework.InputMan.v22, Version=2.2.2013.1127, Culture=neutral, PublicKeyToken=fdd90f5c44b73170
    GrapeCity.Framework.PlusPak.v22, Version=2.2.2013.1127, Culture=neutral, PublicKeyToken=fdd90f5c44b73170
    GrapeCity.Win.Editors.v70, Version=7.0.2013.1127, Culture=neutral, PublicKeyToken=0ce01a33ce55ca12, processorArchitecture=MSIL
    GrapeCity.Win.PlusPak.Calendar.v70, Version=7.0.2013.1127, Culture=neutral, PublicKeyToken=63a9ba12b6923243, processorArchitecture=MSIL
    GrapeCity.Win.PlusPak.v70, Version=7.0.2013.1127, Culture=neutral, PublicKeyToken=63a9ba12b6923243, processorArchitecture=MSIL
    iGreen.Controls.uControls.uLabelX
    KnTViewLib
    stdole

Copying XML comments files
    C:\Makesource\Windy2(スケジューラー)\Windy2\bin\Release\Windy2.xml -&gt; C:\Makesource\Windy2(スケジューラー)\仕様\Help\Working\Windy2.xml
</buildStep>
<buildStep step="GenerateSharedContent">
Generating shared content files (ja-JP, 日本語 (日本))...
    Last step completed in 00:00:00.0210
</buildStep>
<buildStep step="GenerateApiFilter">
Generating API filter for MRefBuilder...
    Last step completed in 00:00:00.0090
</buildStep>
<buildStep step="GenerateReflectionInfo">
Generating reflection information...
[C:\Windows\Microsoft.NET\Framework\v4.0.30319\MSBuild.exe]
2017/10/19 15:58:02 にビルドを開始しました。
ノード 1 上のプロジェクト &quot;C:\Makesource\Windy2(スケジューラー)\仕様\Help\Working\GenerateRefInfo.proj&quot; (既定のターゲット)。
PrepareForBuild:
  ディレクトリ &quot;obj\Debug\&quot; を作成しています。
ResolveComReferences:
  COM 参照 &#39;KnTViewLib&#39; は ActiveX コントロール &#39;AxKnTViewLib&#39; の相互運用アセンブリですが、コンパイラによって /link フラグでリンクされるように設定されています。この COM 参照は参照として処理され、リンクされません。
  C:\Program Files\Microsoft SDKs\Windows\v8.0A\bin\NETFX 4.0 Tools\AxImp.exe &quot;C:\Program Files\Knowlbo\TimeViewV3\KnTView.ocx&quot; /out:obj\Debug\AxInterop.KnTViewLib.dll /rcw:obj\Debug\Interop.KnTViewLib.dll 
GenerateRefInfo:
  MRefBuilder (v2015.1.12.0)
  Copyright c 2006-2015, Microsoft Corporation, All Rights Reserved.
  Portions Copyright c 2006-2014, Eric Woodruff, All Rights Reserved.
  Loaded 1 assemblies for reflection and 12 dependency assemblies.
  Wrote information on 1 namespaces, 34 types, and 206 members
  &quot;reflection.org&quot; から &quot;reflection.all&quot; へファイルをコピーしています。
  XslTransform (v2015.1.12.0)
  Copyright c 2006-2015, Microsoft Corporation, All Rights Reserved.
  Portions Copyright c 2006-2014, Eric Woodruff, All Rights Reserved.
  Applying XSL transformation &#39;C:\Program Files\EWSoftware\Sandcastle Help File Builder\ProductionTransforms\MergeDuplicates.xsl&#39;.
プロジェクト &quot;C:\Makesource\Windy2(スケジューラー)\仕様\Help\Working\GenerateRefInfo.proj&quot; (既定のターゲット) のビルドが完了しました。

ビルドに成功しました。

経過時間 00:00:01.31
    Last step completed in 00:00:01.4160
</buildStep>
<buildStep step="TransformReflectionInfo">
Transforming reflection output...
[C:\Windows\Microsoft.NET\Framework\v4.0.30319\MSBuild.exe]
2017/10/19 15:58:04 にビルドを開始しました。
ノード 1 上のプロジェクト &quot;C:\Makesource\Windy2(スケジューラー)\仕様\Help\Working\TransformManifest.proj&quot; (既定のターゲット)。
TransformManifest:
  XslTransform (v2015.1.12.0)
  Copyright c 2006-2015, Microsoft Corporation, All Rights Reserved.
  Portions Copyright c 2006-2014, Eric Woodruff, All Rights Reserved.
  Applying XSL transformation &#39;C:\Program Files\EWSoftware\Sandcastle Help File Builder\\ProductionTransforms\ApplyVSDocModel.xsl&#39;.
  &quot;reflection.xml&quot; から &quot;reflection.nofilenames&quot; へファイルをコピーしています。
  XslTransform (v2015.1.12.0)
  Copyright c 2006-2015, Microsoft Corporation, All Rights Reserved.
  Portions Copyright c 2006-2014, Eric Woodruff, All Rights Reserved.
  Applying XSL transformation &#39;C:\Program Files\EWSoftware\Sandcastle Help File Builder\ProductionTransforms\AddFilenames.xsl&#39;.
  XslTransform (v2015.1.12.0)
  Copyright c 2006-2015, Microsoft Corporation, All Rights Reserved.
  Portions Copyright c 2006-2014, Eric Woodruff, All Rights Reserved.
  Applying XSL transformation &#39;C:\Program Files\EWSoftware\Sandcastle Help File Builder\ProductionTransforms\ReflectionToManifest.xsl&#39;.
プロジェクト &quot;C:\Makesource\Windy2(スケジューラー)\仕様\Help\Working\TransformManifest.proj&quot; (既定のターゲット) のビルドが完了しました。

ビルドに成功しました。

経過時間 00:00:00.38
    Last step completed in 00:00:00.4710
</buildStep>
<buildStep step="GenerateNamespaceSummaries">
Generating namespace summary information...
    Last step completed in 00:00:00.0310
</buildStep>
<buildStep step="CopyAdditionalContent">
Copying additional content files...
No additional content to copy
    Last step completed in 00:00:00.0040
</buildStep>
<buildStep step="MergeTablesOfContents">
Merging conceptual and additional tables of contents...
    Last step completed in 00:00:00.0010
</buildStep>
<buildStep step="GenerateIntermediateTableOfContents">
Generating intermediate table of contents file...
[C:\Windows\Microsoft.NET\Framework\v4.0.30319\MSBuild.exe]
2017/10/19 15:58:04 にビルドを開始しました。
ノード 1 上のプロジェクト &quot;C:\Makesource\Windy2(スケジューラー)\仕様\Help\Working\GenerateIntermediateTOC.proj&quot; (既定のターゲット)。
GenerateIntermediateTOC:
  XslTransform (v2015.1.12.0)
  Copyright c 2006-2015, Microsoft Corporation, All Rights Reserved.
  Portions Copyright c 2006-2014, Eric Woodruff, All Rights Reserved.
  Applying XSL transformation &#39;C:\Program Files\EWSoftware\Sandcastle Help File Builder\\ProductionTransforms\CreateVSToc.xsl&#39;.
プロジェクト &quot;C:\Makesource\Windy2(スケジューラー)\仕様\Help\Working\GenerateIntermediateTOC.proj&quot; (既定のターゲット) のビルドが完了しました。

ビルドに成功しました。

経過時間 00:00:00.09
Generating conceptual content intermediate TOC file...
    Last step completed in 00:00:00.1710
</buildStep>
<buildStep step="CreateBuildAssemblerConfigs">
Creating Sandcastle configuration files...
    sandcastle.config
    Last step completed in 00:00:00.2850
</buildStep>
<buildStep step="MergeCustomConfigs">
Merging custom build component configurations
C:\Makesource\Windy2(スケジューラー)\仕様\Help\Working\sandcastle.config
    Last step completed in 00:00:00.0350
</buildStep>
<buildStep step="BuildReferenceTopics">
Building reference help topics...
[C:\Windows\Microsoft.NET\Framework\v4.0.30319\MSBuild.exe]
2017/10/19 15:58:05 にビルドを開始しました。
ノード 1 上のプロジェクト &quot;C:\Makesource\Windy2(スケジューラー)\仕様\Help\Working\BuildReferenceTopics.proj&quot; (既定のターゲット)。
BuildReferenceTopics:
  BuildAssembler (v2015.1.12.0)
  Copyright c 2006-2015, Microsoft Corporation, All Rights Reserved.
  Portions Copyright c 2006-2014, Eric Woodruff, All Rights Reserved.
  Loading configuration...
  Processing topics...
BuildAssembler : warning : ShowMissingComponent: [N:Windy2] Missing &lt;summary&gt; documentation [C:\Makesource\Windy2(スケジューラー)\仕様\Help\Working\BuildReferenceTopics.proj]
BuildAssembler : warning : ShowMissingComponent: [E:Windy2.ClassFormControl.EditStatusChanged] Missing &lt;summary&gt; documentation [C:\Makesource\Windy2(スケジューラー)\仕様\Help\Working\BuildReferenceTopics.proj]
BuildAssembler : warning : ShowMissingComponent: [M:Windy2.ClassFormControl.IsEdited] Missing &lt;returns&gt; documentation [C:\Makesource\Windy2(スケジューラー)\仕様\Help\Working\BuildReferenceTopics.proj]
BuildAssembler : warning : ShowMissingComponent: [T:Windy2.ClassFormControl.EditStatusChangedEventHandler] Missing &lt;summary&gt; documentation [C:\Makesource\Windy2(スケジューラー)\仕様\Help\Working\BuildReferenceTopics.proj]
BuildAssembler : warning : ShowMissingComponent: [T:Windy2.ClassLog] Missing &lt;summary&gt; documentation [C:\Makesource\Windy2(スケジューラー)\仕様\Help\Working\BuildReferenceTopics.proj]
BuildAssembler : warning : ShowMissingComponent: [M:Windy2.ClassLog.GetLogFileName] Missing &lt;returns&gt; documentation [C:\Makesource\Windy2(スケジューラー)\仕様\Help\Working\BuildReferenceTopics.proj]
BuildAssembler : warning : ShowMissingComponent: [M:Windy2.ClassLog.LogTrim(System.Int32,System.Boolean)] Missing &lt;param name=&quot;NoMessage&quot;/&gt; documentation [C:\Makesource\Windy2(スケジューラー)\仕様\Help\Working\BuildReferenceTopics.proj]
BuildAssembler : warning : ShowMissingComponent: [M:Windy2.ClassLog.PutErrorEx(System.String,System.Exception,System.Boolean)] Missing &lt;param name=&quot;RiseUserMessage&quot;/&gt; documentation [C:\Makesource\Windy2(スケジューラー)\仕様\Help\Working\BuildReferenceTopics.proj]
BuildAssembler : warning : ShowMissingComponent: [T:Windy2.DataGridView_DragMove.RowCopyedEventHandler] Missing &lt;summary&gt; documentation [C:\Makesource\Windy2(スケジューラー)\仕様\Help\Working\BuildReferenceTopics.proj]
BuildAssembler : warning : ShowMissingComponent: [T:Windy2.DataGridView_DragMove.RowMovedEventHandler] Missing &lt;summary&gt; documentation [C:\Makesource\Windy2(スケジューラー)\仕様\Help\Working\BuildReferenceTopics.proj]
BuildAssembler : warning : ShowMissingComponent: [M:Windy2.DataGridViewMaskedTextBoxCell.InitializeEditingControl(System.Int32,System.Object,System.Windows.Forms.DataGridViewCellStyle)] Missing &lt;param name=&quot;rowIndex&quot;/&gt; documentation [C:\Makesource\Windy2(スケジューラー)\仕様\Help\Working\BuildReferenceTopics.proj]
BuildAssembler : warning : ShowMissingComponent: [M:Windy2.DataGridViewMaskedTextBoxCell.InitializeEditingControl(System.Int32,System.Object,System.Windows.Forms.DataGridViewCellStyle)] Missing &lt;param name=&quot;initialFormattedValue&quot;/&gt; documentation [C:\Makesource\Windy2(スケジューラー)\仕様\Help\Working\BuildReferenceTopics.proj]
BuildAssembler : warning : ShowMissingComponent: [M:Windy2.DataGridViewMaskedTextBoxCell.InitializeEditingControl(System.Int32,System.Object,System.Windows.Forms.DataGridViewCellStyle)] Missing &lt;param name=&quot;dataGridViewCellStyle&quot;/&gt; documentation [C:\Makesource\Windy2(スケジューラー)\仕様\Help\Working\BuildReferenceTopics.proj]
BuildAssembler : warning : ShowMissingComponent: [M:Windy2.DataGridViewMaskedTextBoxColumn.Clone] Missing &lt;returns&gt; documentation [C:\Makesource\Windy2(スケジューラー)\仕様\Help\Working\BuildReferenceTopics.proj]
BuildAssembler : warning : ShowMissingComponent: [M:Windy2.DataGridViewMaskedTextBoxEditingControl.ApplyCellStyleToEditingControl(System.Windows.Forms.DataGridViewCellStyle)] Missing &lt;param name=&quot;dataGridViewCellStyle&quot;/&gt; documentation [C:\Makesource\Windy2(スケジューラー)\仕様\Help\Working\BuildReferenceTopics.proj]
BuildAssembler : warning : ShowMissingComponent: [M:Windy2.DataGridViewMaskedTextBoxEditingControl.EditingControlWantsInputKey(System.Windows.Forms.Keys,System.Boolean)] Missing &lt;returns&gt; documentation [C:\Makesource\Windy2(スケジューラー)\仕様\Help\Working\BuildReferenceTopics.proj]
BuildAssembler : warning : ShowMissingComponent: [M:Windy2.DataGridViewMaskedTextBoxEditingControl.EditingControlWantsInputKey(System.Windows.Forms.Keys,System.Boolean)] Missing &lt;param name=&quot;keyData&quot;/&gt; documentation [C:\Makesource\Windy2(スケジューラー)\仕様\Help\Working\BuildReferenceTopics.proj]
BuildAssembler : warning : ShowMissingComponent: [M:Windy2.DataGridViewMaskedTextBoxEditingControl.EditingControlWantsInputKey(System.Windows.Forms.Keys,System.Boolean)] Missing &lt;param name=&quot;dataGridViewWantsInputKey&quot;/&gt; documentation [C:\Makesource\Windy2(スケジューラー)\仕様\Help\Working\BuildReferenceTopics.proj]
BuildAssembler : warning : ShowMissingComponent: [M:Windy2.DataGridViewMaskedTextBoxEditingControl.GetEditingControlFormattedValue(System.Windows.Forms.DataGridViewDataErrorContexts)] Missing &lt;returns&gt; documentation [C:\Makesource\Windy2(スケジューラー)\仕様\Help\Working\BuildReferenceTopics.proj]
BuildAssembler : warning : ShowMissingComponent: [M:Windy2.DataGridViewMaskedTextBoxEditingControl.GetEditingControlFormattedValue(System.Windows.Forms.DataGridViewDataErrorContexts)] Missing &lt;param name=&quot;context&quot;/&gt; documentation [C:\Makesource\Windy2(スケジューラー)\仕様\Help\Working\BuildReferenceTopics.proj]
BuildAssembler : warning : ShowMissingComponent: [M:Windy2.DataGridViewMaskedTextBoxEditingControl.OnTextChanged(System.EventArgs)] Missing &lt;param name=&quot;e&quot;/&gt; documentation [C:\Makesource\Windy2(スケジューラー)\仕様\Help\Working\BuildReferenceTopics.proj]
BuildAssembler : warning : ShowMissingComponent: [M:Windy2.DataGridViewMaskedTextBoxEditingControl.PrepareEditingControlForEdit(System.Boolean)] Missing &lt;param name=&quot;selectAll&quot;/&gt; documentation [C:\Makesource\Windy2(スケジューラー)\仕様\Help\Working\BuildReferenceTopics.proj]
BuildAssembler : warning : ShowMissingComponent: [T:Windy2.FileListCollection] Missing &lt;summary&gt; documentation [C:\Makesource\Windy2(スケジューラー)\仕様\Help\Working\BuildReferenceTopics.proj]
  Processed 276 topic(s)
  23 warning(s)
  CopyFromIndexComponent: &quot;reflection&quot; in-memory cache entries used: 5 of 15.
  CopyFromIndexComponent: &quot;comments&quot; in-memory cache entries used: 1 of 30.
プロジェクト &quot;C:\Makesource\Windy2(スケジューラー)\仕様\Help\Working\BuildReferenceTopics.proj&quot; (既定のターゲット) のビルドが完了しました。

ビルドに成功しました。

経過時間 00:00:08.65
    Last step completed in 00:00:08.7480
</buildStep>
<buildStep step="CombiningIntermediateTocFiles">
Combining conceptual and API intermediate TOC files...
    Last step completed in 00:00:00.0040
</buildStep>
<buildStep step="ExtractingHtmlInfo">
Extracting HTML info for HTML Help 1 and/or website...
[C:\Windows\Microsoft.NET\Framework\v4.0.30319\MSBuild.exe]
Sandcastle Help File Builder, version 2015.1.12.0
Copyright c 2006-2015, Eric Woodruff, All Rights Reserved
E-Mail: Eric@EWoodruff.us

Using LCID &#39;1041&#39;, code page &#39;932&#39;, encoding charset &#39;shift-jis&#39;.

Processing Help 1 files in C:\Makesource\Windy2(スケジューラー)\仕様\Help\Working\Output\HtmlHelp1
Processed 276 HTML files
Sorting keywords and generating See Also indices
Saving HTML Help 1 keyword index to C:\Makesource\Windy2(スケジューラー)\仕様\Help\Working\Windy2_Help.hhk
Saving HTML Help 1 table of contents to C:\Makesource\Windy2(スケジューラー)\仕様\Help\Working\Windy2_Help.hhc
    Last step completed in 00:00:00.4500
</buildStep>
<buildStep step="CopyStandardHelpContent">
Copying standard help content...
C:\Program Files\EWSoftware\Sandcastle Help File Builder\PresentationStyles\VS2010\icons\alert_caution.gif -&gt; C:\Makesource\Windy2(スケジューラー)\仕様\Help\Working\Output\HtmlHelp1\icons\alert_caution.gif
C:\Program Files\EWSoftware\Sandcastle Help File Builder\PresentationStyles\VS2010\icons\alert_note.gif -&gt; C:\Makesource\Windy2(スケジューラー)\仕様\Help\Working\Output\HtmlHelp1\icons\alert_note.gif
C:\Program Files\EWSoftware\Sandcastle Help File Builder\PresentationStyles\VS2010\icons\alert_security.gif -&gt; C:\Makesource\Windy2(スケジューラー)\仕様\Help\Working\Output\HtmlHelp1\icons\alert_security.gif
C:\Program Files\EWSoftware\Sandcastle Help File Builder\PresentationStyles\VS2010\icons\CFW.gif -&gt; C:\Makesource\Windy2(スケジューラー)\仕様\Help\Working\Output\HtmlHelp1\icons\CFW.gif
C:\Program Files\EWSoftware\Sandcastle Help File Builder\PresentationStyles\VS2010\icons\CodeExample.png -&gt; C:\Makesource\Windy2(スケジューラー)\仕様\Help\Working\Output\HtmlHelp1\icons\CodeExample.png
C:\Program Files\EWSoftware\Sandcastle Help File Builder\PresentationStyles\VS2010\icons\favicon.ico -&gt; C:\Makesource\Windy2(スケジューラー)\仕様\Help\Working\Output\HtmlHelp1\icons\favicon.ico
C:\Program Files\EWSoftware\Sandcastle Help File Builder\PresentationStyles\VS2010\icons\footer_slice.gif -&gt; C:\Makesource\Windy2(スケジューラー)\仕様\Help\Working\Output\HtmlHelp1\icons\footer_slice.gif
C:\Program Files\EWSoftware\Sandcastle Help File Builder\PresentationStyles\VS2010\icons\privclass.gif -&gt; C:\Makesource\Windy2(スケジューラー)\仕様\Help\Working\Output\HtmlHelp1\icons\privclass.gif
C:\Program Files\EWSoftware\Sandcastle Help File Builder\PresentationStyles\VS2010\icons\privdelegate.gif -&gt; C:\Makesource\Windy2(スケジューラー)\仕様\Help\Working\Output\HtmlHelp1\icons\privdelegate.gif
C:\Program Files\EWSoftware\Sandcastle Help File Builder\PresentationStyles\VS2010\icons\privenumeration.gif -&gt; C:\Makesource\Windy2(スケジューラー)\仕様\Help\Working\Output\HtmlHelp1\icons\privenumeration.gif
C:\Program Files\EWSoftware\Sandcastle Help File Builder\PresentationStyles\VS2010\icons\privevent.gif -&gt; C:\Makesource\Windy2(スケジューラー)\仕様\Help\Working\Output\HtmlHelp1\icons\privevent.gif
C:\Program Files\EWSoftware\Sandcastle Help File Builder\PresentationStyles\VS2010\icons\privextension.gif -&gt; C:\Makesource\Windy2(スケジューラー)\仕様\Help\Working\Output\HtmlHelp1\icons\privextension.gif
C:\Program Files\EWSoftware\Sandcastle Help File Builder\PresentationStyles\VS2010\icons\privfield.gif -&gt; C:\Makesource\Windy2(スケジューラー)\仕様\Help\Working\Output\HtmlHelp1\icons\privfield.gif
C:\Program Files\EWSoftware\Sandcastle Help File Builder\PresentationStyles\VS2010\icons\privinterface.gif -&gt; C:\Makesource\Windy2(スケジューラー)\仕様\Help\Working\Output\HtmlHelp1\icons\privinterface.gif
C:\Program Files\EWSoftware\Sandcastle Help File Builder\PresentationStyles\VS2010\icons\privmethod.gif -&gt; C:\Makesource\Windy2(スケジューラー)\仕様\Help\Working\Output\HtmlHelp1\icons\privmethod.gif
C:\Program Files\EWSoftware\Sandcastle Help File Builder\PresentationStyles\VS2010\icons\privproperty.gif -&gt; C:\Makesource\Windy2(スケジューラー)\仕様\Help\Working\Output\HtmlHelp1\icons\privproperty.gif
C:\Program Files\EWSoftware\Sandcastle Help File Builder\PresentationStyles\VS2010\icons\privstructure.gif -&gt; C:\Makesource\Windy2(スケジューラー)\仕様\Help\Working\Output\HtmlHelp1\icons\privstructure.gif
C:\Program Files\EWSoftware\Sandcastle Help File Builder\PresentationStyles\VS2010\icons\protclass.gif -&gt; C:\Makesource\Windy2(スケジューラー)\仕様\Help\Working\Output\HtmlHelp1\icons\protclass.gif
C:\Program Files\EWSoftware\Sandcastle Help File Builder\PresentationStyles\VS2010\icons\protdelegate.gif -&gt; C:\Makesource\Windy2(スケジューラー)\仕様\Help\Working\Output\HtmlHelp1\icons\protdelegate.gif
C:\Program Files\EWSoftware\Sandcastle Help File Builder\PresentationStyles\VS2010\icons\protenumeration.gif -&gt; C:\Makesource\Windy2(スケジューラー)\仕様\Help\Working\Output\HtmlHelp1\icons\protenumeration.gif
C:\Program Files\EWSoftware\Sandcastle Help File Builder\PresentationStyles\VS2010\icons\protevent.gif -&gt; C:\Makesource\Windy2(スケジューラー)\仕様\Help\Working\Output\HtmlHelp1\icons\protevent.gif
C:\Program Files\EWSoftware\Sandcastle Help File Builder\PresentationStyles\VS2010\icons\protextension.gif -&gt; C:\Makesource\Windy2(スケジューラー)\仕様\Help\Working\Output\HtmlHelp1\icons\protextension.gif
C:\Program Files\EWSoftware\Sandcastle Help File Builder\PresentationStyles\VS2010\icons\protfield.gif -&gt; C:\Makesource\Windy2(スケジューラー)\仕様\Help\Working\Output\HtmlHelp1\icons\protfield.gif
C:\Program Files\EWSoftware\Sandcastle Help File Builder\PresentationStyles\VS2010\icons\protinterface.gif -&gt; C:\Makesource\Windy2(スケジューラー)\仕様\Help\Working\Output\HtmlHelp1\icons\protinterface.gif
C:\Program Files\EWSoftware\Sandcastle Help File Builder\PresentationStyles\VS2010\icons\protmethod.gif -&gt; C:\Makesource\Windy2(スケジューラー)\仕様\Help\Working\Output\HtmlHelp1\icons\protmethod.gif
C:\Program Files\EWSoftware\Sandcastle Help File Builder\PresentationStyles\VS2010\icons\protoperator.gif -&gt; C:\Makesource\Windy2(スケジューラー)\仕様\Help\Working\Output\HtmlHelp1\icons\protoperator.gif
C:\Program Files\EWSoftware\Sandcastle Help File Builder\PresentationStyles\VS2010\icons\protproperty.gif -&gt; C:\Makesource\Windy2(スケジューラー)\仕様\Help\Working\Output\HtmlHelp1\icons\protproperty.gif
C:\Program Files\EWSoftware\Sandcastle Help File Builder\PresentationStyles\VS2010\icons\protstructure.gif -&gt; C:\Makesource\Windy2(スケジューラー)\仕様\Help\Working\Output\HtmlHelp1\icons\protstructure.gif
C:\Program Files\EWSoftware\Sandcastle Help File Builder\PresentationStyles\VS2010\icons\pubclass.gif -&gt; C:\Makesource\Windy2(スケジューラー)\仕様\Help\Working\Output\HtmlHelp1\icons\pubclass.gif
C:\Program Files\EWSoftware\Sandcastle Help File Builder\PresentationStyles\VS2010\icons\pubdelegate.gif -&gt; C:\Makesource\Windy2(スケジューラー)\仕様\Help\Working\Output\HtmlHelp1\icons\pubdelegate.gif
C:\Program Files\EWSoftware\Sandcastle Help File Builder\PresentationStyles\VS2010\icons\pubenumeration.gif -&gt; C:\Makesource\Windy2(スケジューラー)\仕様\Help\Working\Output\HtmlHelp1\icons\pubenumeration.gif
C:\Program Files\EWSoftware\Sandcastle Help File Builder\PresentationStyles\VS2010\icons\pubevent.gif -&gt; C:\Makesource\Windy2(スケジューラー)\仕様\Help\Working\Output\HtmlHelp1\icons\pubevent.gif
C:\Program Files\EWSoftware\Sandcastle Help File Builder\PresentationStyles\VS2010\icons\pubextension.gif -&gt; C:\Makesource\Windy2(スケジューラー)\仕様\Help\Working\Output\HtmlHelp1\icons\pubextension.gif
C:\Program Files\EWSoftware\Sandcastle Help File Builder\PresentationStyles\VS2010\icons\pubfield.gif -&gt; C:\Makesource\Windy2(スケジューラー)\仕様\Help\Working\Output\HtmlHelp1\icons\pubfield.gif
C:\Program Files\EWSoftware\Sandcastle Help File Builder\PresentationStyles\VS2010\icons\pubinterface.gif -&gt; C:\Makesource\Windy2(スケジューラー)\仕様\Help\Working\Output\HtmlHelp1\icons\pubinterface.gif
C:\Program Files\EWSoftware\Sandcastle Help File Builder\PresentationStyles\VS2010\icons\pubmethod.gif -&gt; C:\Makesource\Windy2(スケジューラー)\仕様\Help\Working\Output\HtmlHelp1\icons\pubmethod.gif
C:\Program Files\EWSoftware\Sandcastle Help File Builder\PresentationStyles\VS2010\icons\puboperator.gif -&gt; C:\Makesource\Windy2(スケジューラー)\仕様\Help\Working\Output\HtmlHelp1\icons\puboperator.gif
C:\Program Files\EWSoftware\Sandcastle Help File Builder\PresentationStyles\VS2010\icons\pubproperty.gif -&gt; C:\Makesource\Windy2(スケジューラー)\仕様\Help\Working\Output\HtmlHelp1\icons\pubproperty.gif
C:\Program Files\EWSoftware\Sandcastle Help File Builder\PresentationStyles\VS2010\icons\pubstructure.gif -&gt; C:\Makesource\Windy2(スケジューラー)\仕様\Help\Working\Output\HtmlHelp1\icons\pubstructure.gif
C:\Program Files\EWSoftware\Sandcastle Help File Builder\PresentationStyles\VS2010\icons\slMobile.gif -&gt; C:\Makesource\Windy2(スケジューラー)\仕様\Help\Working\Output\HtmlHelp1\icons\slMobile.gif
C:\Program Files\EWSoftware\Sandcastle Help File Builder\PresentationStyles\VS2010\icons\static.gif -&gt; C:\Makesource\Windy2(スケジューラー)\仕様\Help\Working\Output\HtmlHelp1\icons\static.gif
C:\Program Files\EWSoftware\Sandcastle Help File Builder\PresentationStyles\VS2010\icons\tabLeftBG.gif -&gt; C:\Makesource\Windy2(スケジューラー)\仕様\Help\Working\Output\HtmlHelp1\icons\tabLeftBG.gif
C:\Program Files\EWSoftware\Sandcastle Help File Builder\PresentationStyles\VS2010\icons\tabRightBG.gif -&gt; C:\Makesource\Windy2(スケジューラー)\仕様\Help\Working\Output\HtmlHelp1\icons\tabRightBG.gif
C:\Program Files\EWSoftware\Sandcastle Help File Builder\PresentationStyles\VS2010\icons\xna.gif -&gt; C:\Makesource\Windy2(スケジューラー)\仕様\Help\Working\Output\HtmlHelp1\icons\xna.gif
C:\Program Files\EWSoftware\Sandcastle Help File Builder\PresentationStyles\VS2010\scripts\branding.js -&gt; C:\Makesource\Windy2(スケジューラー)\仕様\Help\Working\Output\HtmlHelp1\scripts\branding.js
C:\Program Files\EWSoftware\Sandcastle Help File Builder\PresentationStyles\VS2010\styles\branding-cs-CZ.css -&gt; C:\Makesource\Windy2(スケジューラー)\仕様\Help\Working\Output\HtmlHelp1\styles\branding-cs-CZ.css
C:\Program Files\EWSoftware\Sandcastle Help File Builder\PresentationStyles\VS2010\styles\branding-de-DE.css -&gt; C:\Makesource\Windy2(スケジューラー)\仕様\Help\Working\Output\HtmlHelp1\styles\branding-de-DE.css
C:\Program Files\EWSoftware\Sandcastle Help File Builder\PresentationStyles\VS2010\styles\branding-en-US.css -&gt; C:\Makesource\Windy2(スケジューラー)\仕様\Help\Working\Output\HtmlHelp1\styles\branding-en-US.css
C:\Program Files\EWSoftware\Sandcastle Help File Builder\PresentationStyles\VS2010\styles\branding-es-ES.css -&gt; C:\Makesource\Windy2(スケジューラー)\仕様\Help\Working\Output\HtmlHelp1\styles\branding-es-ES.css
C:\Program Files\EWSoftware\Sandcastle Help File Builder\PresentationStyles\VS2010\styles\branding-fr-FR.css -&gt; C:\Makesource\Windy2(スケジューラー)\仕様\Help\Working\Output\HtmlHelp1\styles\branding-fr-FR.css
C:\Program Files\EWSoftware\Sandcastle Help File Builder\PresentationStyles\VS2010\styles\branding-Help1.css -&gt; C:\Makesource\Windy2(スケジューラー)\仕様\Help\Working\Output\HtmlHelp1\styles\branding-Help1.css
C:\Program Files\EWSoftware\Sandcastle Help File Builder\PresentationStyles\VS2010\styles\branding-Help2.css -&gt; C:\Makesource\Windy2(スケジューラー)\仕様\Help\Working\Output\HtmlHelp1\styles\branding-Help2.css
C:\Program Files\EWSoftware\Sandcastle Help File Builder\PresentationStyles\VS2010\styles\branding-HelpViewer.css -&gt; C:\Makesource\Windy2(スケジューラー)\仕様\Help\Working\Output\HtmlHelp1\styles\branding-HelpViewer.css
C:\Program Files\EWSoftware\Sandcastle Help File Builder\PresentationStyles\VS2010\styles\branding-it-IT.css -&gt; C:\Makesource\Windy2(スケジューラー)\仕様\Help\Working\Output\HtmlHelp1\styles\branding-it-IT.css
C:\Program Files\EWSoftware\Sandcastle Help File Builder\PresentationStyles\VS2010\styles\branding-ja-JP.css -&gt; C:\Makesource\Windy2(スケジューラー)\仕様\Help\Working\Output\HtmlHelp1\styles\branding-ja-JP.css
C:\Program Files\EWSoftware\Sandcastle Help File Builder\PresentationStyles\VS2010\styles\branding-ko-KR.css -&gt; C:\Makesource\Windy2(スケジューラー)\仕様\Help\Working\Output\HtmlHelp1\styles\branding-ko-KR.css
C:\Program Files\EWSoftware\Sandcastle Help File Builder\PresentationStyles\VS2010\styles\branding-pl-PL.css -&gt; C:\Makesource\Windy2(スケジューラー)\仕様\Help\Working\Output\HtmlHelp1\styles\branding-pl-PL.css
C:\Program Files\EWSoftware\Sandcastle Help File Builder\PresentationStyles\VS2010\styles\branding-pt-BR.css -&gt; C:\Makesource\Windy2(スケジューラー)\仕様\Help\Working\Output\HtmlHelp1\styles\branding-pt-BR.css
C:\Program Files\EWSoftware\Sandcastle Help File Builder\PresentationStyles\VS2010\styles\branding-ru-RU.css -&gt; C:\Makesource\Windy2(スケジューラー)\仕様\Help\Working\Output\HtmlHelp1\styles\branding-ru-RU.css
C:\Program Files\EWSoftware\Sandcastle Help File Builder\PresentationStyles\VS2010\styles\branding-tr-TR.css -&gt; C:\Makesource\Windy2(スケジューラー)\仕様\Help\Working\Output\HtmlHelp1\styles\branding-tr-TR.css
C:\Program Files\EWSoftware\Sandcastle Help File Builder\PresentationStyles\VS2010\styles\branding-zh-CN.css -&gt; C:\Makesource\Windy2(スケジューラー)\仕様\Help\Working\Output\HtmlHelp1\styles\branding-zh-CN.css
C:\Program Files\EWSoftware\Sandcastle Help File Builder\PresentationStyles\VS2010\styles\branding-zh-TW.css -&gt; C:\Makesource\Windy2(スケジューラー)\仕様\Help\Working\Output\HtmlHelp1\styles\branding-zh-TW.css
C:\Program Files\EWSoftware\Sandcastle Help File Builder\PresentationStyles\VS2010\styles\branding.css -&gt; C:\Makesource\Windy2(スケジューラー)\仕様\Help\Working\Output\HtmlHelp1\styles\branding.css
    Last step completed in 00:00:00.1630
</buildStep>
<buildStep step="GenerateHelpFormatTableOfContents">
Generating HTML Help 1 table of contents file...
    Last step completed in 00:00:00.0010
</buildStep>
<buildStep step="GenerateHelpFileIndex">
Generating HTML Help 1 index file...
    Last step completed in 00:00:00.0020
</buildStep>
<buildStep step="GenerateHelpProject">
Generating HTML Help 1 project file...
    Last step completed in 00:00:00.0050
</buildStep>
<buildStep step="CompilingHelpFile">
Compiling HTML Help 1 file...
[C:\Windows\Microsoft.NET\Framework\v4.0.30319\MSBuild.exe]
  Microsoft HTML Help Compiler 4.74.8702
  
  
  
  Compiling c:\Makesource\Windy2(スケジューラー)\仕様\Help\Working\Output\HtmlHelp1\Windy2_Help.chm
  
  
  
  
  
  Compile time: 0 minutes, 1 second
  
  278	Topics
  
  2,909	Local links
  
  255	Internet links
  
  0	Graphics
  
  
  
  
  
  Created c:\Makesource\Windy2(スケジューラー)\仕様\Help\Working\Output\HtmlHelp1\Windy2_Help.chm, 317,214 bytes
  
  Compression decreased file by 1,523,841 bytes.
  
    Last step completed in 00:00:01.6630
</buildStep>
<buildStep step="CleanIntermediates">
Removing intermediate files...
    Last step completed in 00:00:00.1520
</buildStep>
<buildStep step="Completed">

Build completed successfully at 2017/10/19 15:58:16.  Total time: 00:00:14.1790

</buildStep>
</shfbBuild>
