2020/10/26 8:12:18 [開始] <MyApplication> [MyApplication_Startup] : アプリケーション開始しました (WithTrim)
  <DATA> C:\Makesource\Windy2(スケジューラー)\Windy2\bin\Release\Windy2.exe
2020/10/26 8:12:18 [情報] <ModuleSaveLoadData> [XMLReadFileList] : 履歴ファイル読み込み
  <DATA> C:\Makesource\Windy2(スケジューラー)\Windy2\bin\Release\FileList.xml
2020/10/26 8:12:18 [情報] <ModuleSaveLoadData> [XMLReadHolidayList] : 休日ファイル書込
  <DATA> C:\Makesource\Windy2(スケジューラー)\Windy2\bin\Release\FileList.xml
2020/10/26 8:12:23 [情報] <ModuleSaveLoadData> [FileDecode] : デコード
  <DATA> C:\SnapShot\新規スケジュール22.wdf → C:\Users\yhagihara\AppData\Local\Temp\rlmzJLWt5sW5wfd2FPo6.wtf
2020/10/26 8:12:23 [情報] <ModuleSaveLoadData> [XMLReadData] : ファイル読み込み
  <DATA> C:\SnapShot\新規スケジュール22.wdf
2020/10/26 8:12:23 [情報] <FrmMain> [ReadData] : データ読込完了
  <DATA> C:\SnapShot\新規スケジュール22.wdf
2020/10/26 8:12:23 [情報] <FrmParent> [OpenFile] : 既存ファイルを開く
  <DATA> C:\SnapShot\新規スケジュール22.wdf
2020/10/26 8:13:20 [情報] <ModuleSaveLoadData> [FileEncode] : エンコード
  <DATA> C:\Users\yhagihara\AppData\Local\Temp\DTA8FocD1jN9XUfx3q7T.wtf → C:\SnapShot\新規スケジュール22.wdf
2020/10/26 8:13:20 [情報] <ModuleSaveLoadData> [XMLSaveData] : ファイル保存
  <DATA> C:\SnapShot\新規スケジュール22.wdf
2020/10/26 8:13:20 [情報] <FrmMain> [SaveData] : データを保存
2020/10/26 8:14:28 [情報] <ModuleSaveLoadData> [FileEncode] : エンコード
  <DATA> C:\Users\yhagihara\AppData\Local\Temp\YhQGMZX6woOTPGqFQMXK.wtf → C:\SnapShot\新規スケジュール22.wdf
2020/10/26 8:14:28 [情報] <ModuleSaveLoadData> [XMLSaveData] : ファイル保存
  <DATA> C:\SnapShot\新規スケジュール22.wdf
2020/10/26 8:14:28 [情報] <FrmMain> [SaveData] : データを保存
2020/10/26 8:14:29 [情報] <FrmMain> [FrmMain_FormClosing] : フォーム終了
  <DATA> C:\SnapShot\新規スケジュール22.wdf(テストスケジュール)
2020/10/26 8:14:29 [情報] <ModuleSaveLoadData> [XMLSaveFileList] : 履歴ファイル保存
  <DATA> C:\Makesource\Windy2(スケジューラー)\Windy2\bin\Release\FileList.xml
2020/10/26 8:14:29 [情報] <ModuleSaveLoadData> [XMLSaveHolidayList] : 休日ファイル保存
  <DATA> C:\Makesource\Windy2(スケジューラー)\Windy2\bin\Release\FileList.xml
2020/10/26 8:14:29 [終了] <MyApplication> [MyApplication_Shutdown] : アプリケーションを終了しました
-----------------------------------------------------------------------------
2020/10/26 8:15:02 [開始] <MyApplication> [MyApplication_Startup] : アプリケーション開始しました (WithTrim)
  <DATA> C:\Makesource\Windy2(スケジューラー)\Windy2\bin\Release\Windy2.exe
2020/10/26 8:15:02 [情報] <ModuleSaveLoadData> [XMLReadFileList] : 履歴ファイル読み込み
  <DATA> C:\Makesource\Windy2(スケジューラー)\Windy2\bin\Release\FileList.xml
2020/10/26 8:15:02 [情報] <ModuleSaveLoadData> [XMLReadHolidayList] : 休日ファイル書込
  <DATA> C:\Makesource\Windy2(スケジューラー)\Windy2\bin\Release\FileList.xml
2020/10/26 8:15:06 [情報] <ModuleSaveLoadData> [FileDecode] : デコード
  <DATA> C:\SnapShot\新規スケジュール22.wdf → C:\Users\yhagihara\AppData\Local\Temp\08I0TTvObU00NpeGoQre.wtf
2020/10/26 8:15:06 [情報] <ModuleSaveLoadData> [XMLReadData] : ファイル読み込み
  <DATA> C:\SnapShot\新規スケジュール22.wdf
2020/10/26 8:15:06 [情報] <FrmMain> [ReadData] : データ読込完了
  <DATA> C:\SnapShot\新規スケジュール22.wdf
2020/10/26 8:15:06 [情報] <FrmParent> [OpenFile] : 既存ファイルを開く
  <DATA> C:\SnapShot\新規スケジュール22.wdf
2020/10/26 8:15:08 [情報] <ModuleSaveLoadData> [FileEncode] : エンコード
  <DATA> C:\Users\yhagihara\AppData\Local\Temp\crfK38M9PfAGnBfOTcSk.wtf → C:\SnapShot\新規スケジュール22.wdf
2020/10/26 8:15:08 [情報] <ModuleSaveLoadData> [XMLSaveData] : ファイル保存
  <DATA> C:\SnapShot\新規スケジュール22.wdf
2020/10/26 8:15:08 [情報] <FrmMain> [SaveData] : データを保存
2020/10/26 8:15:23 [情報] <ModuleSaveLoadData> [FileEncode] : エンコード
  <DATA> C:\Users\yhagihara\AppData\Local\Temp\eb6ADZKwCRs90KCCXax2.wtf → C:\SnapShot\新規スケジュール22.wdf
2020/10/26 8:15:23 [情報] <ModuleSaveLoadData> [XMLSaveData] : ファイル保存
  <DATA> C:\SnapShot\新規スケジュール22.wdf
2020/10/26 8:15:23 [情報] <FrmMain> [SaveData] : データを保存
2020/10/26 8:15:25 [情報] <FrmMain> [FrmMain_FormClosing] : フォーム終了
  <DATA> C:\SnapShot\新規スケジュール22.wdf(テストスケジュール)
2020/10/26 8:15:25 [情報] <ModuleSaveLoadData> [XMLSaveFileList] : 履歴ファイル保存
  <DATA> C:\Makesource\Windy2(スケジューラー)\Windy2\bin\Release\FileList.xml
2020/10/26 8:15:25 [情報] <ModuleSaveLoadData> [XMLSaveHolidayList] : 休日ファイル保存
  <DATA> C:\Makesource\Windy2(スケジューラー)\Windy2\bin\Release\FileList.xml
2020/10/26 8:15:25 [終了] <MyApplication> [MyApplication_Shutdown] : アプリケーションを終了しました
-----------------------------------------------------------------------------
2020/10/26 8:16:16 [開始] <MyApplication> [MyApplication_Startup] : アプリケーション開始しました (WithTrim)
  <DATA> C:\Makesource\Windy2(スケジューラー)\Windy2\bin\Release\Windy2.exe
2020/10/26 8:16:16 [情報] <ModuleSaveLoadData> [XMLReadFileList] : 履歴ファイル読み込み
  <DATA> C:\Makesource\Windy2(スケジューラー)\Windy2\bin\Release\FileList.xml
2020/10/26 8:16:16 [情報] <ModuleSaveLoadData> [XMLReadHolidayList] : 休日ファイル書込
  <DATA> C:\Makesource\Windy2(スケジューラー)\Windy2\bin\Release\FileList.xml
2020/10/26 8:16:20 [情報] <ModuleSaveLoadData> [FileDecode] : デコード
  <DATA> C:\SnapShot\新規スケジュール22.wdf → C:\Users\yhagihara\AppData\Local\Temp\nCrUDMU5m8ar5XKmDThP.wtf
2020/10/26 8:16:20 [情報] <ModuleSaveLoadData> [XMLReadData] : ファイル読み込み
  <DATA> C:\SnapShot\新規スケジュール22.wdf
2020/10/26 8:16:21 [情報] <FrmMain> [ReadData] : データ読込完了
  <DATA> C:\SnapShot\新規スケジュール22.wdf
2020/10/26 8:16:21 [情報] <FrmParent> [OpenFile] : 既存ファイルを開く
  <DATA> C:\SnapShot\新規スケジュール22.wdf
2020/10/26 8:16:25 [情報] <FrmMain> [FrmMain_FormClosing] : フォーム終了
  <DATA> C:\SnapShot\新規スケジュール22.wdf(テストスケジュール)
2020/10/26 8:16:25 [情報] <ModuleSaveLoadData> [XMLSaveFileList] : 履歴ファイル保存
  <DATA> C:\Makesource\Windy2(スケジューラー)\Windy2\bin\Release\FileList.xml
2020/10/26 8:16:25 [情報] <ModuleSaveLoadData> [XMLSaveHolidayList] : 休日ファイル保存
  <DATA> C:\Makesource\Windy2(スケジューラー)\Windy2\bin\Release\FileList.xml
2020/10/26 8:16:25 [終了] <MyApplication> [MyApplication_Shutdown] : アプリケーションを終了しました
-----------------------------------------------------------------------------
2020/10/26 8:17:02 [開始] <MyApplication> [MyApplication_Startup] : アプリケーション開始しました (WithTrim)
  <DATA> C:\Makesource\Windy2(スケジューラー)\Windy2\bin\Release\Windy2.exe
2020/10/26 8:17:02 [情報] <ModuleSaveLoadData> [XMLReadFileList] : 履歴ファイル読み込み
  <DATA> C:\Makesource\Windy2(スケジューラー)\Windy2\bin\Release\FileList.xml
2020/10/26 8:17:02 [情報] <ModuleSaveLoadData> [XMLReadHolidayList] : 休日ファイル書込
  <DATA> C:\Makesource\Windy2(スケジューラー)\Windy2\bin\Release\FileList.xml
2020/10/26 8:17:04 [情報] <ModuleSaveLoadData> [FileDecode] : デコード
  <DATA> C:\SnapShot\新規スケジュール22.wdf → C:\Users\yhagihara\AppData\Local\Temp\IzJ9ASbQzmI7vz1tOnIr.wtf
2020/10/26 8:17:05 [情報] <ModuleSaveLoadData> [XMLReadData] : ファイル読み込み
  <DATA> C:\SnapShot\新規スケジュール22.wdf
2020/10/26 8:17:05 [情報] <FrmMain> [ReadData] : データ読込完了
  <DATA> C:\SnapShot\新規スケジュール22.wdf
2020/10/26 8:17:05 [情報] <FrmParent> [OpenFile] : 既存ファイルを開く
  <DATA> C:\SnapShot\新規スケジュール22.wdf
2020/10/26 8:17:28 [情報] <ModuleSaveLoadData> [FileEncode] : エンコード
  <DATA> C:\Users\yhagihara\AppData\Local\Temp\VWr7aXf6lOfowExc4zwr.wtf → C:\SnapShot\新規スケジュール22.wdf
2020/10/26 8:17:28 [情報] <ModuleSaveLoadData> [XMLSaveData] : ファイル保存
  <DATA> C:\SnapShot\新規スケジュール22.wdf
2020/10/26 8:17:28 [情報] <FrmMain> [SaveData] : データを保存
2020/10/26 8:17:29 [情報] <FrmMain> [FrmMain_FormClosing] : フォーム終了
  <DATA> C:\SnapShot\新規スケジュール22.wdf(テストスケジュール)
2020/10/26 8:17:29 [情報] <ModuleSaveLoadData> [XMLSaveFileList] : 履歴ファイル保存
  <DATA> C:\Makesource\Windy2(スケジューラー)\Windy2\bin\Release\FileList.xml
2020/10/26 8:17:29 [情報] <ModuleSaveLoadData> [XMLSaveHolidayList] : 休日ファイル保存
  <DATA> C:\Makesource\Windy2(スケジューラー)\Windy2\bin\Release\FileList.xml
2020/10/26 8:17:29 [終了] <MyApplication> [MyApplication_Shutdown] : アプリケーションを終了しました
-----------------------------------------------------------------------------
2020/10/26 8:19:05 [開始] <MyApplication> [MyApplication_Startup] : アプリケーション開始しました (WithTrim)
  <DATA> C:\Makesource\Windy2(スケジューラー)\Windy2\bin\Release\Windy2.exe
2020/10/26 8:19:05 [情報] <ModuleSaveLoadData> [XMLReadFileList] : 履歴ファイル読み込み
  <DATA> C:\Makesource\Windy2(スケジューラー)\Windy2\bin\Release\FileList.xml
2020/10/26 8:19:05 [情報] <ModuleSaveLoadData> [XMLReadHolidayList] : 休日ファイル書込
  <DATA> C:\Makesource\Windy2(スケジューラー)\Windy2\bin\Release\FileList.xml
2020/10/26 8:19:09 [情報] <ModuleSaveLoadData> [FileDecode] : デコード
  <DATA> C:\SnapShot\新規スケジュール22.wdf → C:\Users\yhagihara\AppData\Local\Temp\BLpDwHBj1ePRubGuD9xd.wtf
2020/10/26 8:19:10 [情報] <ModuleSaveLoadData> [XMLReadData] : ファイル読み込み
  <DATA> C:\SnapShot\新規スケジュール22.wdf
2020/10/26 8:19:10 [情報] <FrmMain> [ReadData] : データ読込完了
  <DATA> C:\SnapShot\新規スケジュール22.wdf
2020/10/26 8:19:10 [情報] <FrmParent> [OpenFile] : 既存ファイルを開く
  <DATA> C:\SnapShot\新規スケジュール22.wdf
2020/10/26 8:19:38 [情報] <ModuleSaveLoadData> [FileEncode] : エンコード
  <DATA> C:\Users\yhagihara\AppData\Local\Temp\NrPPTPUlMoxXDxE1glHE.wtf → C:\SnapShot\新規スケジュール22.wdf
2020/10/26 8:19:38 [情報] <ModuleSaveLoadData> [XMLSaveData] : ファイル保存
  <DATA> C:\SnapShot\新規スケジュール22.wdf
2020/10/26 8:19:38 [情報] <FrmMain> [SaveData] : データを保存
2020/10/26 8:20:14 [情報] <ModuleSaveLoadData> [FileEncode] : エンコード
  <DATA> C:\Users\yhagihara\AppData\Local\Temp\MrfYkbwxwqi53DORBBM8.wtf → C:\SnapShot\新規スケジュール22.wdf
2020/10/26 8:20:14 [情報] <ModuleSaveLoadData> [XMLSaveData] : ファイル保存
  <DATA> C:\SnapShot\新規スケジュール22.wdf
2020/10/26 8:20:14 [情報] <FrmMain> [SaveData] : データを保存
2020/10/26 8:20:17 [情報] <FrmMain> [FrmMain_FormClosing] : フォーム終了
  <DATA> C:\SnapShot\新規スケジュール22.wdf(テストスケジュール)
2020/10/26 8:20:17 [情報] <ModuleSaveLoadData> [XMLSaveFileList] : 履歴ファイル保存
  <DATA> C:\Makesource\Windy2(スケジューラー)\Windy2\bin\Release\FileList.xml
2020/10/26 8:20:17 [情報] <ModuleSaveLoadData> [XMLSaveHolidayList] : 休日ファイル保存
  <DATA> C:\Makesource\Windy2(スケジューラー)\Windy2\bin\Release\FileList.xml
2020/10/26 8:20:18 [終了] <MyApplication> [MyApplication_Shutdown] : アプリケーションを終了しました
-----------------------------------------------------------------------------
2020/10/26 8:25:46 [開始] <MyApplication> [MyApplication_Startup] : アプリケーション開始しました (WithTrim)
  <DATA> C:\Makesource\Windy2(スケジューラー)\Windy2\bin\Release\Windy2.exe
2020/10/26 8:25:46 [情報] <ModuleSaveLoadData> [XMLReadFileList] : 履歴ファイル読み込み
  <DATA> C:\Makesource\Windy2(スケジューラー)\Windy2\bin\Release\FileList.xml
2020/10/26 8:25:46 [情報] <ModuleSaveLoadData> [XMLReadHolidayList] : 休日ファイル書込
  <DATA> C:\Makesource\Windy2(スケジューラー)\Windy2\bin\Release\FileList.xml
2020/10/26 8:25:49 [情報] <ModuleSaveLoadData> [FileDecode] : デコード
  <DATA> C:\SnapShot\新規スケジュール22.wdf → C:\Users\yhagihara\AppData\Local\Temp\B9UYkFjGNIrMC22pKXf3.wtf
2020/10/26 8:25:49 [情報] <ModuleSaveLoadData> [XMLReadData] : ファイル読み込み
  <DATA> C:\SnapShot\新規スケジュール22.wdf
2020/10/26 8:25:49 [情報] <FrmMain> [ReadData] : データ読込完了
  <DATA> C:\SnapShot\新規スケジュール22.wdf
2020/10/26 8:25:49 [情報] <FrmParent> [OpenFile] : 既存ファイルを開く
  <DATA> C:\SnapShot\新規スケジュール22.wdf
2020/10/26 8:26:29 [情報] <ModuleSaveLoadData> [FileEncode] : エンコード
  <DATA> C:\Users\yhagihara\AppData\Local\Temp\esX9tD1jBU2AVizWAnMo.wtf → C:\SnapShot\新規スケジュール22.wdf
2020/10/26 8:26:29 [情報] <ModuleSaveLoadData> [XMLSaveData] : ファイル保存
  <DATA> C:\SnapShot\新規スケジュール22.wdf
2020/10/26 8:26:30 [情報] <FrmMain> [SaveData] : データを保存
2020/10/26 8:27:21 [情報] <ModuleSaveLoadData> [FileEncode] : エンコード
  <DATA> C:\Users\yhagihara\AppData\Local\Temp\Q2JvKqgpnnNFl5VjgPZ3.wtf → C:\SnapShot\新規スケジュール22.wdf
2020/10/26 8:27:21 [情報] <ModuleSaveLoadData> [XMLSaveData] : ファイル保存
  <DATA> C:\SnapShot\新規スケジュール22.wdf
2020/10/26 8:27:21 [情報] <FrmMain> [SaveData] : データを保存
2020/10/26 8:35:02 [情報] <ModuleSaveLoadData> [FileEncode] : エンコード
  <DATA> C:\Users\yhagihara\AppData\Local\Temp\bBeQXrBNwdi6fJkWc2UX.wtf → C:\SnapShot\新規スケジュール22.wdf
2020/10/26 8:35:02 [情報] <ModuleSaveLoadData> [XMLSaveData] : ファイル保存
  <DATA> C:\SnapShot\新規スケジュール22.wdf
2020/10/26 8:35:02 [情報] <FrmMain> [SaveData] : データを保存
2020/10/26 8:35:04 [情報] <FrmMain> [FrmMain_FormClosing] : フォーム終了
  <DATA> C:\SnapShot\新規スケジュール22.wdf(テストスケジュール)
2020/10/26 8:35:04 [情報] <ModuleSaveLoadData> [XMLSaveFileList] : 履歴ファイル保存
  <DATA> C:\Makesource\Windy2(スケジューラー)\Windy2\bin\Release\FileList.xml
2020/10/26 8:35:04 [情報] <ModuleSaveLoadData> [XMLSaveHolidayList] : 休日ファイル保存
  <DATA> C:\Makesource\Windy2(スケジューラー)\Windy2\bin\Release\FileList.xml
2020/10/26 8:35:04 [終了] <MyApplication> [MyApplication_Shutdown] : アプリケーションを終了しました
-----------------------------------------------------------------------------
2020/10/26 8:41:08 [開始] <MyApplication> [MyApplication_Startup] : アプリケーション開始しました (WithTrim)
  <DATA> C:\Makesource\Windy2(スケジューラー)\Windy2\bin\Release\Windy2.exe
2020/10/26 8:41:08 [情報] <ModuleSaveLoadData> [XMLReadFileList] : 履歴ファイル読み込み
  <DATA> C:\Makesource\Windy2(スケジューラー)\Windy2\bin\Release\FileList.xml
2020/10/26 8:41:08 [情報] <ModuleSaveLoadData> [XMLReadHolidayList] : 休日ファイル書込
  <DATA> C:\Makesource\Windy2(スケジューラー)\Windy2\bin\Release\FileList.xml
2020/10/26 8:41:11 [情報] <ModuleSaveLoadData> [FileDecode] : デコード
  <DATA> C:\SnapShot\新規スケジュール22.wdf → C:\Users\yhagihara\AppData\Local\Temp\Z7c9ygj35B4AbiMrAZEC.wtf
2020/10/26 8:41:12 [情報] <ModuleSaveLoadData> [XMLReadData] : ファイル読み込み
  <DATA> C:\SnapShot\新規スケジュール22.wdf
2020/10/26 8:41:12 [情報] <FrmMain> [ReadData] : データ読込完了
  <DATA> C:\SnapShot\新規スケジュール22.wdf
2020/10/26 8:41:12 [情報] <FrmParent> [OpenFile] : 既存ファイルを開く
  <DATA> C:\SnapShot\新規スケジュール22.wdf
2020/10/26 9:18:14 [情報] <ModuleSaveLoadData> [FileEncode] : エンコード
  <DATA> C:\Users\yhagihara\AppData\Local\Temp\k0FS7CCtJXVjfV8Tur9j.wtf → C:\SnapShot\新規スケジュール22.wdf
2020/10/26 9:18:14 [情報] <ModuleSaveLoadData> [XMLSaveData] : ファイル保存
  <DATA> C:\SnapShot\新規スケジュール22.wdf
2020/10/26 9:18:14 [情報] <FrmMain> [SaveData] : データを保存
2020/10/26 9:18:14 [情報] <FrmMain> [FrmMain_FormClosing] : 保存終了
  <DATA> C:\SnapShot\新規スケジュール22.wdf(テストスケジュール)
2020/10/26 9:18:14 [情報] <ModuleSaveLoadData> [XMLSaveFileList] : 履歴ファイル保存
  <DATA> C:\Makesource\Windy2(スケジューラー)\Windy2\bin\Release\FileList.xml
2020/10/26 9:18:14 [情報] <ModuleSaveLoadData> [XMLSaveHolidayList] : 休日ファイル保存
  <DATA> C:\Makesource\Windy2(スケジューラー)\Windy2\bin\Release\FileList.xml
2020/10/26 9:18:14 [終了] <MyApplication> [MyApplication_Shutdown] : アプリケーションを終了しました
-----------------------------------------------------------------------------
2020/10/26 9:20:08 [開始] <MyApplication> [MyApplication_Startup] : アプリケーション開始しました (WithTrim)
  <DATA> C:\Makesource\Windy2(スケジューラー)\Windy2\bin\Release\Windy2.exe
2020/10/26 9:20:09 [情報] <ModuleSaveLoadData> [XMLReadFileList] : 履歴ファイル読み込み
  <DATA> C:\Makesource\Windy2(スケジューラー)\Windy2\bin\Release\FileList.xml
2020/10/26 9:20:09 [情報] <ModuleSaveLoadData> [XMLReadHolidayList] : 休日ファイル書込
  <DATA> C:\Makesource\Windy2(スケジューラー)\Windy2\bin\Release\FileList.xml
2020/10/26 9:20:11 [情報] <ModuleSaveLoadData> [FileDecode] : デコード
  <DATA> C:\SnapShot\新規スケジュール22.wdf → C:\Users\yhagihara\AppData\Local\Temp\1GfcAw3IDMtyGxoMCp8C.wtf
2020/10/26 9:20:12 [情報] <ModuleSaveLoadData> [XMLReadData] : ファイル読み込み
  <DATA> C:\SnapShot\新規スケジュール22.wdf
2020/10/26 9:20:12 [情報] <FrmMain> [ReadData] : データ読込完了
  <DATA> C:\SnapShot\新規スケジュール22.wdf
2020/10/26 9:20:12 [情報] <FrmParent> [OpenFile] : 既存ファイルを開く
  <DATA> C:\SnapShot\新規スケジュール22.wdf
2020/10/26 9:21:08 [情報] <ModuleSaveLoadData> [FileEncode] : エンコード
  <DATA> C:\Users\yhagihara\AppData\Local\Temp\5YNQIrFuEcnheskD2Y8z.wtf → C:\SnapShot\新規スケジュール22.wdf
2020/10/26 9:21:08 [情報] <ModuleSaveLoadData> [XMLSaveData] : ファイル保存
  <DATA> C:\SnapShot\新規スケジュール22.wdf
2020/10/26 9:21:08 [情報] <FrmMain> [SaveData] : データを保存
2020/10/26 9:21:48 [情報] <ModuleSaveLoadData> [FileEncode] : エンコード
  <DATA> C:\Users\yhagihara\AppData\Local\Temp\yWdZJ9s0MnqIhrTbYvnB.wtf → C:\SnapShot\新規スケジュール22.wdf
2020/10/26 9:21:48 [情報] <ModuleSaveLoadData> [XMLSaveData] : ファイル保存
  <DATA> C:\SnapShot\新規スケジュール22.wdf
2020/10/26 9:21:48 [情報] <FrmMain> [SaveData] : データを保存
2020/10/26 9:21:49 [情報] <FrmMain> [FrmMain_FormClosing] : フォーム終了
  <DATA> C:\SnapShot\新規スケジュール22.wdf(テストスケジュール)
2020/10/26 9:21:49 [情報] <ModuleSaveLoadData> [XMLSaveFileList] : 履歴ファイル保存
  <DATA> C:\Makesource\Windy2(スケジューラー)\Windy2\bin\Release\FileList.xml
2020/10/26 9:21:49 [情報] <ModuleSaveLoadData> [XMLSaveHolidayList] : 休日ファイル保存
  <DATA> C:\Makesource\Windy2(スケジューラー)\Windy2\bin\Release\FileList.xml
2020/10/26 9:21:49 [終了] <MyApplication> [MyApplication_Shutdown] : アプリケーションを終了しました
-----------------------------------------------------------------------------
2020/10/26 9:30:00 [開始] <MyApplication> [MyApplication_Startup] : アプリケーション開始しました (WithTrim)
  <DATA> C:\Makesource\Windy2(スケジューラー)\Windy2\bin\Release\Windy2.exe
2020/10/26 9:30:01 [情報] <ModuleSaveLoadData> [XMLReadFileList] : 履歴ファイル読み込み
  <DATA> C:\Makesource\Windy2(スケジューラー)\Windy2\bin\Release\FileList.xml
2020/10/26 9:30:01 [情報] <ModuleSaveLoadData> [XMLReadHolidayList] : 休日ファイル書込
  <DATA> C:\Makesource\Windy2(スケジューラー)\Windy2\bin\Release\FileList.xml
2020/10/26 9:36:56 [情報] <ModuleSaveLoadData> [FileDecode] : デコード
  <DATA> C:\SnapShot\新規スケジュール22.wdf → C:\Users\yhagihara\AppData\Local\Temp\WIr5oJsZkAcNUC6SN1pf.wtf
2020/10/26 9:36:56 [情報] <ModuleSaveLoadData> [XMLReadData] : ファイル読み込み
  <DATA> C:\SnapShot\新規スケジュール22.wdf
2020/10/26 9:36:56 [情報] <FrmMain> [ReadData] : データ読込完了
  <DATA> C:\SnapShot\新規スケジュール22.wdf
2020/10/26 9:36:56 [情報] <FrmParent> [OpenFile] : 既存ファイルを開く
  <DATA> C:\SnapShot\新規スケジュール22.wdf
2020/10/26 9:43:56 [情報] <ModuleSaveLoadData> [FileEncode] : エンコード
  <DATA> C:\Users\yhagihara\AppData\Local\Temp\buNfxKL5r7QE9gQs1oaV.wtf → C:\SnapShot\新規スケジュール22.wdf
2020/10/26 9:43:56 [情報] <ModuleSaveLoadData> [XMLSaveData] : ファイル保存
  <DATA> C:\SnapShot\新規スケジュール22.wdf
2020/10/26 9:43:56 [情報] <FrmMain> [SaveData] : データを保存
2020/10/26 9:44:00 [情報] <FrmMain> [FrmMain_FormClosing] : フォーム終了
  <DATA> C:\SnapShot\新規スケジュール22.wdf(テストスケジュール)
2020/10/26 9:44:02 [情報] <ModuleSaveLoadData> [XMLSaveFileList] : 履歴ファイル保存
  <DATA> C:\Makesource\Windy2(スケジューラー)\Windy2\bin\Release\FileList.xml
2020/10/26 9:44:02 [情報] <ModuleSaveLoadData> [XMLSaveHolidayList] : 休日ファイル保存
  <DATA> C:\Makesource\Windy2(スケジューラー)\Windy2\bin\Release\FileList.xml
2020/10/26 9:44:02 [終了] <MyApplication> [MyApplication_Shutdown] : アプリケーションを終了しました
-----------------------------------------------------------------------------
2020/10/26 9:50:47 [開始] <MyApplication> [MyApplication_Startup] : アプリケーション開始しました (WithTrim)
  <DATA> C:\Makesource\Windy2(スケジューラー)\Windy2\bin\Release\Windy2.exe
2020/10/26 9:50:47 [情報] <ModuleSaveLoadData> [XMLReadFileList] : 履歴ファイル読み込み
  <DATA> C:\Makesource\Windy2(スケジューラー)\Windy2\bin\Release\FileList.xml
2020/10/26 9:50:47 [情報] <ModuleSaveLoadData> [XMLReadHolidayList] : 休日ファイル書込
  <DATA> C:\Makesource\Windy2(スケジューラー)\Windy2\bin\Release\FileList.xml
2020/10/26 9:50:55 [情報] <ModuleSaveLoadData> [FileDecode] : デコード
  <DATA> C:\SnapShot\新規スケジュール22.wdf → C:\Users\yhagihara\AppData\Local\Temp\Nh4LRQ6kccfw36LGPeBx.wtf
2020/10/26 9:50:55 [情報] <ModuleSaveLoadData> [XMLReadData] : ファイル読み込み
  <DATA> C:\SnapShot\新規スケジュール22.wdf
2020/10/26 9:50:55 [情報] <FrmMain> [ReadData] : データ読込完了
  <DATA> C:\SnapShot\新規スケジュール22.wdf
2020/10/26 9:50:55 [情報] <FrmParent> [OpenFile] : 既存ファイルを開く
  <DATA> C:\SnapShot\新規スケジュール22.wdf
2020/10/26 10:13:02 [情報] <ModuleSaveLoadData> [FileEncode] : エンコード
  <DATA> C:\Users\yhagihara\AppData\Local\Temp\rs0gZP3Fe80HIlwNNjoy.wtf → C:\SnapShot\新規スケジュール22.wdf
2020/10/26 10:13:02 [情報] <ModuleSaveLoadData> [XMLSaveData] : ファイル保存
  <DATA> C:\SnapShot\新規スケジュール22.wdf
2020/10/26 10:13:02 [情報] <FrmMain> [SaveData] : データを保存
2020/10/26 10:13:02 [情報] <FrmMain> [FrmMain_FormClosing] : 保存終了
  <DATA> C:\SnapShot\新規スケジュール22.wdf(テストスケジュール)
2020/10/26 10:13:02 [情報] <ModuleSaveLoadData> [XMLSaveFileList] : 履歴ファイル保存
  <DATA> C:\Makesource\Windy2(スケジューラー)\Windy2\bin\Release\FileList.xml
2020/10/26 10:13:02 [情報] <ModuleSaveLoadData> [XMLSaveHolidayList] : 休日ファイル保存
  <DATA> C:\Makesource\Windy2(スケジューラー)\Windy2\bin\Release\FileList.xml
2020/10/26 10:13:02 [終了] <MyApplication> [MyApplication_Shutdown] : アプリケーションを終了しました
-----------------------------------------------------------------------------
2020/10/26 12:03:30 [開始] <MyApplication> [MyApplication_Startup] : アプリケーション開始しました (WithTrim)
  <DATA> C:\Makesource\Windy2(スケジューラー)\Windy2\bin\Release\Windy2.exe
2020/10/26 12:03:31 [情報] <ModuleSaveLoadData> [XMLReadFileList] : 履歴ファイル読み込み
  <DATA> C:\Makesource\Windy2(スケジューラー)\Windy2\bin\Release\FileList.xml
2020/10/26 12:03:31 [情報] <ModuleSaveLoadData> [XMLReadHolidayList] : 休日ファイル書込
  <DATA> C:\Makesource\Windy2(スケジューラー)\Windy2\bin\Release\FileList.xml
2020/10/26 12:03:34 [情報] <ModuleSaveLoadData> [FileDecode] : デコード
  <DATA> C:\SnapShot\新規スケジュール22.wdf → C:\Users\yhagihara\AppData\Local\Temp\gHq8fkdJzzGnXXk6o8H1.wtf
2020/10/26 12:03:34 [情報] <ModuleSaveLoadData> [XMLReadData] : ファイル読み込み
  <DATA> C:\SnapShot\新規スケジュール22.wdf
2020/10/26 12:03:34 [情報] <FrmMain> [ReadData] : データ読込完了
  <DATA> C:\SnapShot\新規スケジュール22.wdf
2020/10/26 12:03:34 [情報] <FrmParent> [OpenFile] : 既存ファイルを開く
  <DATA> C:\SnapShot\新規スケジュール22.wdf
2020/10/26 12:04:14 [情報] <ModuleSaveLoadData> [FileEncode] : エンコード
  <DATA> C:\Users\yhagihara\AppData\Local\Temp\DI6p2cD2OE6lSjHrgAbB.wtf → C:\SnapShot\新規スケジュール22.wdf
2020/10/26 12:04:14 [情報] <ModuleSaveLoadData> [XMLSaveData] : ファイル保存
  <DATA> C:\SnapShot\新規スケジュール22.wdf
2020/10/26 12:04:14 [情報] <FrmMain> [SaveData] : データを保存
2020/10/26 12:04:15 [情報] <FrmMain> [FrmMain_FormClosing] : フォーム終了
  <DATA> C:\SnapShot\新規スケジュール22.wdf(テストスケジュール)
2020/10/26 12:04:15 [情報] <ModuleSaveLoadData> [XMLSaveFileList] : 履歴ファイル保存
  <DATA> C:\Makesource\Windy2(スケジューラー)\Windy2\bin\Release\FileList.xml
2020/10/26 12:04:15 [情報] <ModuleSaveLoadData> [XMLSaveHolidayList] : 休日ファイル保存
  <DATA> C:\Makesource\Windy2(スケジューラー)\Windy2\bin\Release\FileList.xml
2020/10/26 12:04:15 [終了] <MyApplication> [MyApplication_Shutdown] : アプリケーションを終了しました
-----------------------------------------------------------------------------
2020/10/26 12:04:55 [開始] <MyApplication> [MyApplication_Startup] : アプリケーション開始しました (WithTrim)
  <DATA> C:\Makesource\Windy2(スケジューラー)\Windy2\bin\Release\Windy2.exe
2020/10/26 12:04:56 [情報] <ModuleSaveLoadData> [XMLReadFileList] : 履歴ファイル読み込み
  <DATA> C:\Makesource\Windy2(スケジューラー)\Windy2\bin\Release\FileList.xml
2020/10/26 12:04:56 [情報] <ModuleSaveLoadData> [XMLReadHolidayList] : 休日ファイル書込
  <DATA> C:\Makesource\Windy2(スケジューラー)\Windy2\bin\Release\FileList.xml
2020/10/26 12:04:59 [情報] <ModuleSaveLoadData> [FileDecode] : デコード
  <DATA> C:\SnapShot\新規スケジュール22.wdf → C:\Users\yhagihara\AppData\Local\Temp\DW1VLhFJItqB8AuISjTP.wtf
2020/10/26 12:04:59 [情報] <ModuleSaveLoadData> [XMLReadData] : ファイル読み込み
  <DATA> C:\SnapShot\新規スケジュール22.wdf
2020/10/26 12:04:59 [情報] <FrmMain> [ReadData] : データ読込完了
  <DATA> C:\SnapShot\新規スケジュール22.wdf
2020/10/26 12:04:59 [情報] <FrmParent> [OpenFile] : 既存ファイルを開く
  <DATA> C:\SnapShot\新規スケジュール22.wdf
2020/10/26 12:05:29 [情報] <ModuleSaveLoadData> [FileEncode] : エンコード
  <DATA> C:\Users\yhagihara\AppData\Local\Temp\XelrQrNVa0Gv7cgIpRBX.wtf → C:\SnapShot\新規スケジュール22.wdf
2020/10/26 12:05:29 [情報] <ModuleSaveLoadData> [XMLSaveData] : ファイル保存
  <DATA> C:\SnapShot\新規スケジュール22.wdf
2020/10/26 12:05:29 [情報] <FrmMain> [SaveData] : データを保存
2020/10/26 12:05:35 [情報] <FrmMain> [FrmMain_FormClosing] : フォーム終了
  <DATA> C:\SnapShot\新規スケジュール22.wdf(テストスケジュール)
2020/10/26 12:05:36 [情報] <ModuleSaveLoadData> [XMLSaveFileList] : 履歴ファイル保存
  <DATA> C:\Makesource\Windy2(スケジューラー)\Windy2\bin\Release\FileList.xml
2020/10/26 12:05:36 [情報] <ModuleSaveLoadData> [XMLSaveHolidayList] : 休日ファイル保存
  <DATA> C:\Makesource\Windy2(スケジューラー)\Windy2\bin\Release\FileList.xml
2020/10/26 12:05:36 [終了] <MyApplication> [MyApplication_Shutdown] : アプリケーションを終了しました
-----------------------------------------------------------------------------
2020/10/26 12:16:08 [開始] <MyApplication> [MyApplication_Startup] : アプリケーション開始しました (WithTrim)
  <DATA> C:\Makesource\Windy2(スケジューラー)\Windy2\bin\Release\Windy2.exe
2020/10/26 12:16:09 [情報] <ModuleSaveLoadData> [XMLReadFileList] : 履歴ファイル読み込み
  <DATA> C:\Makesource\Windy2(スケジューラー)\Windy2\bin\Release\FileList.xml
2020/10/26 12:16:09 [情報] <ModuleSaveLoadData> [XMLReadHolidayList] : 休日ファイル書込
  <DATA> C:\Makesource\Windy2(スケジューラー)\Windy2\bin\Release\FileList.xml
2020/10/26 12:16:44 [情報] <ModuleSaveLoadData> [FileDecode] : デコード
  <DATA> C:\SnapShot\新規スケジュール22.wdf → C:\Users\yhagihara\AppData\Local\Temp\rBFHCCczTCinBn5FLKx3.wtf
2020/10/26 12:16:45 [情報] <ModuleSaveLoadData> [XMLReadData] : ファイル読み込み
  <DATA> C:\SnapShot\新規スケジュール22.wdf
2020/10/26 12:16:45 [情報] <FrmMain> [ReadData] : データ読込完了
  <DATA> C:\SnapShot\新規スケジュール22.wdf
2020/10/26 12:16:45 [情報] <FrmParent> [OpenFile] : 既存ファイルを開く
  <DATA> C:\SnapShot\新規スケジュール22.wdf
2020/10/26 12:18:51 [情報] <ModuleSaveLoadData> [FileEncode] : エンコード
  <DATA> C:\Users\yhagihara\AppData\Local\Temp\aKKBbN2N4tPLWFPIvRl8.wtf → C:\SnapShot\新規スケジュール22.wdf
2020/10/26 12:18:51 [情報] <ModuleSaveLoadData> [XMLSaveData] : ファイル保存
  <DATA> C:\SnapShot\新規スケジュール22.wdf
2020/10/26 12:18:51 [情報] <FrmMain> [SaveData] : データを保存
2020/10/26 12:18:51 [情報] <FrmMain> [FrmMain_FormClosing] : 保存終了
  <DATA> C:\SnapShot\新規スケジュール22.wdf(テストスケジュール)
2020/10/26 12:18:51 [情報] <ModuleSaveLoadData> [XMLSaveFileList] : 履歴ファイル保存
  <DATA> C:\Makesource\Windy2(スケジューラー)\Windy2\bin\Release\FileList.xml
2020/10/26 12:18:51 [情報] <ModuleSaveLoadData> [XMLSaveHolidayList] : 休日ファイル保存
  <DATA> C:\Makesource\Windy2(スケジューラー)\Windy2\bin\Release\FileList.xml
2020/10/26 12:18:51 [終了] <MyApplication> [MyApplication_Shutdown] : アプリケーションを終了しました
-----------------------------------------------------------------------------
2020/10/26 12:19:59 [開始] <MyApplication> [MyApplication_Startup] : アプリケーション開始しました (WithTrim)
  <DATA> C:\Makesource\Windy2(スケジューラー)\Windy2\bin\Release\Windy2.exe
2020/10/26 12:20:00 [情報] <ModuleSaveLoadData> [XMLReadFileList] : 履歴ファイル読み込み
  <DATA> C:\Makesource\Windy2(スケジューラー)\Windy2\bin\Release\FileList.xml
2020/10/26 12:20:00 [情報] <ModuleSaveLoadData> [XMLReadHolidayList] : 休日ファイル書込
  <DATA> C:\Makesource\Windy2(スケジューラー)\Windy2\bin\Release\FileList.xml
2020/10/26 12:20:35 [情報] <ModuleSaveLoadData> [FileDecode] : デコード
  <DATA> C:\SnapShot\新規スケジュール22.wdf → C:\Users\yhagihara\AppData\Local\Temp\Usba5bKFZNDLpmHjXrSk.wtf
2020/10/26 12:20:35 [情報] <ModuleSaveLoadData> [XMLReadData] : ファイル読み込み
  <DATA> C:\SnapShot\新規スケジュール22.wdf
2020/10/26 12:20:35 [情報] <FrmMain> [ReadData] : データ読込完了
  <DATA> C:\SnapShot\新規スケジュール22.wdf
2020/10/26 12:20:35 [情報] <FrmParent> [OpenFile] : 既存ファイルを開く
  <DATA> C:\SnapShot\新規スケジュール22.wdf
2020/10/26 12:20:51 [情報] <ModuleSaveLoadData> [FileEncode] : エンコード
  <DATA> C:\Users\yhagihara\AppData\Local\Temp\brtxA0gQhcbKBXREbJ4o.wtf → C:\SnapShot\新規スケジュール22.wdf
2020/10/26 12:20:51 [情報] <ModuleSaveLoadData> [XMLSaveData] : ファイル保存
  <DATA> C:\SnapShot\新規スケジュール22.wdf
2020/10/26 12:20:51 [情報] <FrmMain> [SaveData] : データを保存
2020/10/26 12:20:52 [情報] <FrmMain> [FrmMain_FormClosing] : フォーム終了
  <DATA> C:\SnapShot\新規スケジュール22.wdf(テストスケジュール)
2020/10/26 12:20:52 [情報] <ModuleSaveLoadData> [XMLSaveFileList] : 履歴ファイル保存
  <DATA> C:\Makesource\Windy2(スケジューラー)\Windy2\bin\Release\FileList.xml
2020/10/26 12:20:52 [情報] <ModuleSaveLoadData> [XMLSaveHolidayList] : 休日ファイル保存
  <DATA> C:\Makesource\Windy2(スケジューラー)\Windy2\bin\Release\FileList.xml
2020/10/26 12:20:52 [終了] <MyApplication> [MyApplication_Shutdown] : アプリケーションを終了しました
-----------------------------------------------------------------------------
2020/10/26 12:21:48 [開始] <MyApplication> [MyApplication_Startup] : アプリケーション開始しました (WithTrim)
  <DATA> C:\Makesource\Windy2(スケジューラー)\Windy2\bin\Release\Windy2.exe
2020/10/26 12:21:48 [情報] <ModuleSaveLoadData> [XMLReadFileList] : 履歴ファイル読み込み
  <DATA> C:\Makesource\Windy2(スケジューラー)\Windy2\bin\Release\FileList.xml
2020/10/26 12:21:48 [情報] <ModuleSaveLoadData> [XMLReadHolidayList] : 休日ファイル書込
  <DATA> C:\Makesource\Windy2(スケジューラー)\Windy2\bin\Release\FileList.xml
2020/10/26 12:21:51 [情報] <ModuleSaveLoadData> [FileDecode] : デコード
  <DATA> C:\SnapShot\新規スケジュール22.wdf → C:\Users\yhagihara\AppData\Local\Temp\0bREKJFdHwAo95bGqAEL.wtf
2020/10/26 12:21:51 [情報] <ModuleSaveLoadData> [XMLReadData] : ファイル読み込み
  <DATA> C:\SnapShot\新規スケジュール22.wdf
2020/10/26 12:21:51 [情報] <FrmMain> [ReadData] : データ読込完了
  <DATA> C:\SnapShot\新規スケジュール22.wdf
2020/10/26 12:21:51 [情報] <FrmParent> [OpenFile] : 既存ファイルを開く
  <DATA> C:\SnapShot\新規スケジュール22.wdf
-----------------------------------------------------------------------------
2020/10/26 12:23:30 [開始] <MyApplication> [MyApplication_Startup] : アプリケーション開始しました (WithTrim)
  <DATA> C:\Makesource\Windy2(スケジューラー)\Windy2\bin\Release\Windy2.exe
2020/10/26 12:23:30 [情報] <ModuleSaveLoadData> [XMLReadFileList] : 履歴ファイル読み込み
  <DATA> C:\Makesource\Windy2(スケジューラー)\Windy2\bin\Release\FileList.xml
2020/10/26 12:23:31 [情報] <ModuleSaveLoadData> [XMLReadHolidayList] : 休日ファイル書込
  <DATA> C:\Makesource\Windy2(スケジューラー)\Windy2\bin\Release\FileList.xml
2020/10/26 12:23:33 [情報] <ModuleSaveLoadData> [FileDecode] : デコード
  <DATA> C:\SnapShot\新規スケジュール22.wdf → C:\Users\yhagihara\AppData\Local\Temp\0WVXGSvsDYVGuQ7O1QSZ.wtf
2020/10/26 12:23:33 [情報] <ModuleSaveLoadData> [XMLReadData] : ファイル読み込み
  <DATA> C:\SnapShot\新規スケジュール22.wdf
2020/10/26 12:23:33 [情報] <FrmMain> [ReadData] : データ読込完了
  <DATA> C:\SnapShot\新規スケジュール22.wdf
2020/10/26 12:23:33 [情報] <FrmParent> [OpenFile] : 既存ファイルを開く
  <DATA> C:\SnapShot\新規スケジュール22.wdf
-----------------------------------------------------------------------------
2020/10/26 12:25:48 [開始] <MyApplication> [MyApplication_Startup] : アプリケーション開始しました (WithTrim)
  <DATA> C:\Makesource\Windy2(スケジューラー)\Windy2\bin\Release\Windy2.exe
2020/10/26 12:25:49 [情報] <ModuleSaveLoadData> [XMLReadFileList] : 履歴ファイル読み込み
  <DATA> C:\Makesource\Windy2(スケジューラー)\Windy2\bin\Release\FileList.xml
2020/10/26 12:25:49 [情報] <ModuleSaveLoadData> [XMLReadHolidayList] : 休日ファイル書込
  <DATA> C:\Makesource\Windy2(スケジューラー)\Windy2\bin\Release\FileList.xml
2020/10/26 12:25:51 [情報] <ModuleSaveLoadData> [FileDecode] : デコード
  <DATA> C:\SnapShot\新規スケジュール22.wdf → C:\Users\yhagihara\AppData\Local\Temp\sWHLTxotpaeSInGai6G4.wtf
2020/10/26 12:25:51 [情報] <ModuleSaveLoadData> [XMLReadData] : ファイル読み込み
  <DATA> C:\SnapShot\新規スケジュール22.wdf
2020/10/26 12:25:51 [情報] <FrmMain> [ReadData] : データ読込完了
  <DATA> C:\SnapShot\新規スケジュール22.wdf
2020/10/26 12:25:51 [情報] <FrmParent> [OpenFile] : 既存ファイルを開く
  <DATA> C:\SnapShot\新規スケジュール22.wdf
-----------------------------------------------------------------------------
2020/10/26 12:27:15 [開始] <MyApplication> [MyApplication_Startup] : アプリケーション開始しました (WithTrim)
  <DATA> C:\Makesource\Windy2(スケジューラー)\Windy2\bin\Release\Windy2.exe
2020/10/26 12:27:16 [情報] <ModuleSaveLoadData> [XMLReadFileList] : 履歴ファイル読み込み
  <DATA> C:\Makesource\Windy2(スケジューラー)\Windy2\bin\Release\FileList.xml
2020/10/26 12:27:16 [情報] <ModuleSaveLoadData> [XMLReadHolidayList] : 休日ファイル書込
  <DATA> C:\Makesource\Windy2(スケジューラー)\Windy2\bin\Release\FileList.xml
2020/10/26 12:27:18 [情報] <ModuleSaveLoadData> [FileDecode] : デコード
  <DATA> C:\SnapShot\新規スケジュール22.wdf → C:\Users\yhagihara\AppData\Local\Temp\EaCfREXESM65uGKzP7iE.wtf
2020/10/26 12:27:18 [情報] <ModuleSaveLoadData> [XMLReadData] : ファイル読み込み
  <DATA> C:\SnapShot\新規スケジュール22.wdf
2020/10/26 12:27:18 [情報] <FrmMain> [ReadData] : データ読込完了
  <DATA> C:\SnapShot\新規スケジュール22.wdf
2020/10/26 12:27:18 [情報] <FrmParent> [OpenFile] : 既存ファイルを開く
  <DATA> C:\SnapShot\新規スケジュール22.wdf
2020/10/26 12:27:31 [情報] <FrmMain> [FrmMain_FormClosing] : フォーム終了
  <DATA> C:\SnapShot\新規スケジュール22.wdf(テストスケジュール)
2020/10/26 12:27:31 [情報] <ModuleSaveLoadData> [XMLSaveFileList] : 履歴ファイル保存
  <DATA> C:\Makesource\Windy2(スケジューラー)\Windy2\bin\Release\FileList.xml
2020/10/26 12:27:31 [情報] <ModuleSaveLoadData> [XMLSaveHolidayList] : 休日ファイル保存
  <DATA> C:\Makesource\Windy2(スケジューラー)\Windy2\bin\Release\FileList.xml
2020/10/26 12:27:31 [終了] <MyApplication> [MyApplication_Shutdown] : アプリケーションを終了しました
-----------------------------------------------------------------------------
2020/10/26 12:32:01 [開始] <MyApplication> [MyApplication_Startup] : アプリケーション開始しました (WithTrim)
  <DATA> C:\Makesource\Windy2(スケジューラー)\Windy2\bin\Release\Windy2.exe
2020/10/26 12:32:01 [情報] <ModuleSaveLoadData> [XMLReadFileList] : 履歴ファイル読み込み
  <DATA> C:\Makesource\Windy2(スケジューラー)\Windy2\bin\Release\FileList.xml
2020/10/26 12:32:01 [情報] <ModuleSaveLoadData> [XMLReadHolidayList] : 休日ファイル書込
  <DATA> C:\Makesource\Windy2(スケジューラー)\Windy2\bin\Release\FileList.xml
2020/10/26 12:32:03 [情報] <ModuleSaveLoadData> [FileDecode] : デコード
  <DATA> C:\SnapShot\新規スケジュール22.wdf → C:\Users\yhagihara\AppData\Local\Temp\ihs8krohAVy8zp1OPxFa.wtf
2020/10/26 12:32:04 [情報] <ModuleSaveLoadData> [XMLReadData] : ファイル読み込み
  <DATA> C:\SnapShot\新規スケジュール22.wdf
2020/10/26 12:32:04 [情報] <FrmMain> [ReadData] : データ読込完了
  <DATA> C:\SnapShot\新規スケジュール22.wdf
2020/10/26 12:32:04 [情報] <FrmParent> [OpenFile] : 既存ファイルを開く
  <DATA> C:\SnapShot\新規スケジュール22.wdf
2020/10/26 12:32:54 [情報] <ModuleSaveLoadData> [FileEncode] : エンコード
  <DATA> C:\Users\yhagihara\AppData\Local\Temp\iCKHBkeQc9QPhBJzeiXZ.wtf → C:\SnapShot\新規スケジュール22.wdf
2020/10/26 12:32:54 [情報] <ModuleSaveLoadData> [XMLSaveData] : ファイル保存
  <DATA> C:\SnapShot\新規スケジュール22.wdf
2020/10/26 12:32:54 [情報] <FrmMain> [SaveData] : データを保存
2020/10/26 12:33:32 [情報] <ModuleSaveLoadData> [FileEncode] : エンコード
  <DATA> C:\Users\yhagihara\AppData\Local\Temp\n80UjIdBcAGFH9EEOLzs.wtf → C:\SnapShot\新規スケジュール22.wdf
2020/10/26 12:33:32 [情報] <ModuleSaveLoadData> [XMLSaveData] : ファイル保存
  <DATA> C:\SnapShot\新規スケジュール22.wdf
2020/10/26 12:33:32 [情報] <FrmMain> [SaveData] : データを保存
2020/10/26 12:33:43 [情報] <ModuleSaveLoadData> [FileEncode] : エンコード
  <DATA> C:\Users\yhagihara\AppData\Local\Temp\ZXgtXW6gNlBYpgzBy9mG.wtf → C:\SnapShot\新規スケジュール22.wdf
2020/10/26 12:33:43 [情報] <ModuleSaveLoadData> [XMLSaveData] : ファイル保存
  <DATA> C:\SnapShot\新規スケジュール22.wdf
2020/10/26 12:33:43 [情報] <FrmMain> [SaveData] : データを保存
2020/10/26 12:34:48 [情報] <ModuleSaveLoadData> [FileEncode] : エンコード
  <DATA> C:\Users\yhagihara\AppData\Local\Temp\0zfdkHpuf9KzmdxdiBMH.wtf → C:\SnapShot\新規スケジュール22.wdf
2020/10/26 12:34:48 [情報] <ModuleSaveLoadData> [XMLSaveData] : ファイル保存
  <DATA> C:\SnapShot\新規スケジュール22.wdf
2020/10/26 12:34:48 [情報] <FrmMain> [SaveData] : データを保存
2020/10/26 12:34:49 [情報] <FrmMain> [FrmMain_FormClosing] : フォーム終了
  <DATA> C:\SnapShot\新規スケジュール22.wdf(テストスケジュール)
2020/10/26 12:34:49 [情報] <ModuleSaveLoadData> [XMLSaveFileList] : 履歴ファイル保存
  <DATA> C:\Makesource\Windy2(スケジューラー)\Windy2\bin\Release\FileList.xml
2020/10/26 12:34:49 [情報] <ModuleSaveLoadData> [XMLSaveHolidayList] : 休日ファイル保存
  <DATA> C:\Makesource\Windy2(スケジューラー)\Windy2\bin\Release\FileList.xml
2020/10/26 12:34:49 [終了] <MyApplication> [MyApplication_Shutdown] : アプリケーションを終了しました
-----------------------------------------------------------------------------
2020/10/26 13:33:12 [開始] <MyApplication> [MyApplication_Startup] : アプリケーション開始しました (WithTrim)
  <DATA> C:\Makesource\Windy2(スケジューラー)\Windy2\bin\Release\Windy2.exe
2020/10/26 13:33:12 [情報] <ModuleSaveLoadData> [XMLReadFileList] : 履歴ファイル読み込み
  <DATA> C:\Makesource\Windy2(スケジューラー)\Windy2\bin\Release\FileList.xml
2020/10/26 13:33:13 [情報] <ModuleSaveLoadData> [XMLReadHolidayList] : 休日ファイル書込
  <DATA> C:\Makesource\Windy2(スケジューラー)\Windy2\bin\Release\FileList.xml
2020/10/26 13:33:15 [情報] <ModuleSaveLoadData> [FileDecode] : デコード
  <DATA> C:\SnapShot\新規スケジュール22.wdf → C:\Users\yhagihara\AppData\Local\Temp\4SYTVSc94qsPJldqEM8s.wtf
2020/10/26 13:33:15 [情報] <ModuleSaveLoadData> [XMLReadData] : ファイル読み込み
  <DATA> C:\SnapShot\新規スケジュール22.wdf
2020/10/26 13:33:15 [情報] <FrmMain> [ReadData] : データ読込完了
  <DATA> C:\SnapShot\新規スケジュール22.wdf
2020/10/26 13:33:15 [情報] <FrmParent> [OpenFile] : 既存ファイルを開く
  <DATA> C:\SnapShot\新規スケジュール22.wdf
2020/10/26 13:33:52 [情報] <ModuleSaveLoadData> [FileEncode] : エンコード
  <DATA> C:\Users\yhagihara\AppData\Local\Temp\0Z1AILAvxaZKiARYlSz8.wtf → C:\SnapShot\新規スケジュール22.wdf
2020/10/26 13:33:52 [情報] <ModuleSaveLoadData> [XMLSaveData] : ファイル保存
  <DATA> C:\SnapShot\新規スケジュール22.wdf
2020/10/26 13:33:52 [情報] <FrmMain> [SaveData] : データを保存
2020/10/26 13:34:32 [情報] <ModuleSaveLoadData> [FileEncode] : エンコード
  <DATA> C:\Users\yhagihara\AppData\Local\Temp\rDYDzZ7yHPlwUhZMmRz7.wtf → C:\SnapShot\新規スケジュール22.wdf
2020/10/26 13:34:32 [情報] <ModuleSaveLoadData> [XMLSaveData] : ファイル保存
  <DATA> C:\SnapShot\新規スケジュール22.wdf
2020/10/26 13:34:32 [情報] <FrmMain> [SaveData] : データを保存
2020/10/26 13:34:33 [情報] <FrmMain> [FrmMain_FormClosing] : フォーム終了
  <DATA> C:\SnapShot\新規スケジュール22.wdf(テストスケジュール)
2020/10/26 13:34:33 [情報] <ModuleSaveLoadData> [XMLSaveFileList] : 履歴ファイル保存
  <DATA> C:\Makesource\Windy2(スケジューラー)\Windy2\bin\Release\FileList.xml
2020/10/26 13:34:33 [情報] <ModuleSaveLoadData> [XMLSaveHolidayList] : 休日ファイル保存
  <DATA> C:\Makesource\Windy2(スケジューラー)\Windy2\bin\Release\FileList.xml
2020/10/26 13:34:33 [終了] <MyApplication> [MyApplication_Shutdown] : アプリケーションを終了しました
-----------------------------------------------------------------------------
2020/10/26 13:41:30 [開始] <MyApplication> [MyApplication_Startup] : アプリケーション開始しました (WithTrim)
  <DATA> C:\Makesource\Windy2(スケジューラー)\Windy2\bin\Release\Windy2.exe
2020/10/26 13:41:30 [情報] <ModuleSaveLoadData> [XMLReadFileList] : 履歴ファイル読み込み
  <DATA> C:\Makesource\Windy2(スケジューラー)\Windy2\bin\Release\FileList.xml
2020/10/26 13:41:30 [情報] <ModuleSaveLoadData> [XMLReadHolidayList] : 休日ファイル書込
  <DATA> C:\Makesource\Windy2(スケジューラー)\Windy2\bin\Release\FileList.xml
2020/10/26 13:41:40 [情報] <ModuleSaveLoadData> [FileDecode] : デコード
  <DATA> C:\SnapShot\新規スケジュール22.wdf → C:\Users\yhagihara\AppData\Local\Temp\SdtwtlB4V4yJTxkvfQIF.wtf
2020/10/26 13:41:40 [情報] <ModuleSaveLoadData> [XMLReadData] : ファイル読み込み
  <DATA> C:\SnapShot\新規スケジュール22.wdf
2020/10/26 13:41:40 [情報] <FrmMain> [ReadData] : データ読込完了
  <DATA> C:\SnapShot\新規スケジュール22.wdf
2020/10/26 13:41:40 [情報] <FrmParent> [OpenFile] : 既存ファイルを開く
  <DATA> C:\SnapShot\新規スケジュール22.wdf
2020/10/26 13:41:56 [情報] <ModuleSaveLoadData> [FileEncode] : エンコード
  <DATA> C:\Users\yhagihara\AppData\Local\Temp\BXpZnsyeA8j7wsEwZ3rF.wtf → C:\SnapShot\新規スケジュール22.wdf
2020/10/26 13:41:56 [情報] <ModuleSaveLoadData> [XMLSaveData] : ファイル保存
  <DATA> C:\SnapShot\新規スケジュール22.wdf
2020/10/26 13:41:56 [情報] <FrmMain> [SaveData] : データを保存
2020/10/26 13:42:07 [情報] <FrmMain> [FrmMain_FormClosing] : 破棄終了
  <DATA> C:\SnapShot\新規スケジュール22.wdf(テストスケジュール)
2020/10/26 13:42:07 [情報] <ModuleSaveLoadData> [XMLSaveFileList] : 履歴ファイル保存
  <DATA> C:\Makesource\Windy2(スケジューラー)\Windy2\bin\Release\FileList.xml
2020/10/26 13:42:07 [情報] <ModuleSaveLoadData> [XMLSaveHolidayList] : 休日ファイル保存
  <DATA> C:\Makesource\Windy2(スケジューラー)\Windy2\bin\Release\FileList.xml
2020/10/26 13:42:07 [終了] <MyApplication> [MyApplication_Shutdown] : アプリケーションを終了しました
-----------------------------------------------------------------------------
2020/10/26 13:42:31 [開始] <MyApplication> [MyApplication_Startup] : アプリケーション開始しました (WithTrim)
  <DATA> C:\Makesource\Windy2(スケジューラー)\Windy2\bin\Release\Windy2.exe
2020/10/26 13:42:31 [情報] <ModuleSaveLoadData> [XMLReadFileList] : 履歴ファイル読み込み
  <DATA> C:\Makesource\Windy2(スケジューラー)\Windy2\bin\Release\FileList.xml
2020/10/26 13:42:31 [情報] <ModuleSaveLoadData> [XMLReadHolidayList] : 休日ファイル書込
  <DATA> C:\Makesource\Windy2(スケジューラー)\Windy2\bin\Release\FileList.xml
2020/10/26 13:42:34 [情報] <ModuleSaveLoadData> [FileDecode] : デコード
  <DATA> C:\SnapShot\新規スケジュール22.wdf → C:\Users\yhagihara\AppData\Local\Temp\smQFeB2VWDDfbOt0vyKq.wtf
2020/10/26 13:42:34 [情報] <ModuleSaveLoadData> [XMLReadData] : ファイル読み込み
  <DATA> C:\SnapShot\新規スケジュール22.wdf
2020/10/26 13:42:35 [情報] <FrmMain> [ReadData] : データ読込完了
  <DATA> C:\SnapShot\新規スケジュール22.wdf
2020/10/26 13:42:35 [情報] <FrmParent> [OpenFile] : 既存ファイルを開く
  <DATA> C:\SnapShot\新規スケジュール22.wdf
2020/10/26 13:43:30 [情報] <ModuleSaveLoadData> [FileEncode] : エンコード
  <DATA> C:\Users\yhagihara\AppData\Local\Temp\rfbaAFxwJAYABUz4mvRd.wtf → C:\SnapShot\新規スケジュール22.wdf
2020/10/26 13:43:30 [情報] <ModuleSaveLoadData> [XMLSaveData] : ファイル保存
  <DATA> C:\SnapShot\新規スケジュール22.wdf
2020/10/26 13:43:30 [情報] <FrmMain> [SaveData] : データを保存
2020/10/26 13:43:46 [情報] <ModuleSaveLoadData> [FileEncode] : エンコード
  <DATA> C:\Users\yhagihara\AppData\Local\Temp\WOKJVguO3ELnwUY6TUd3.wtf → C:\SnapShot\新規スケジュール22.wdf
2020/10/26 13:43:46 [情報] <ModuleSaveLoadData> [XMLSaveData] : ファイル保存
  <DATA> C:\SnapShot\新規スケジュール22.wdf
2020/10/26 13:43:46 [情報] <FrmMain> [SaveData] : データを保存
2020/10/26 13:43:52 [情報] <ModuleSaveLoadData> [FileEncode] : エンコード
  <DATA> C:\Users\yhagihara\AppData\Local\Temp\GICsIXlBcKhu8Hg6aDAb.wtf → C:\SnapShot\新規スケジュール22.wdf
2020/10/26 13:43:52 [情報] <ModuleSaveLoadData> [XMLSaveData] : ファイル保存
  <DATA> C:\SnapShot\新規スケジュール22.wdf
2020/10/26 13:43:52 [情報] <FrmMain> [SaveData] : データを保存
2020/10/26 13:44:33 [情報] <ModuleSaveLoadData> [FileEncode] : エンコード
  <DATA> C:\Users\yhagihara\AppData\Local\Temp\0HoSWdYwSbxQCKvCuK5d.wtf → C:\SnapShot\新規スケジュール22.wdf
2020/10/26 13:44:33 [情報] <ModuleSaveLoadData> [XMLSaveData] : ファイル保存
  <DATA> C:\SnapShot\新規スケジュール22.wdf
2020/10/26 13:44:33 [情報] <FrmMain> [SaveData] : データを保存
2020/10/26 13:44:38 [情報] <FrmMain> [FrmMain_FormClosing] : フォーム終了
  <DATA> C:\SnapShot\新規スケジュール22.wdf(テストスケジュール)
2020/10/26 13:44:38 [情報] <ModuleSaveLoadData> [XMLSaveFileList] : 履歴ファイル保存
  <DATA> C:\Makesource\Windy2(スケジューラー)\Windy2\bin\Release\FileList.xml
2020/10/26 13:44:38 [情報] <ModuleSaveLoadData> [XMLSaveHolidayList] : 休日ファイル保存
  <DATA> C:\Makesource\Windy2(スケジューラー)\Windy2\bin\Release\FileList.xml
2020/10/26 13:44:38 [終了] <MyApplication> [MyApplication_Shutdown] : アプリケーションを終了しました
-----------------------------------------------------------------------------
2020/10/26 14:04:45 [開始] <MyApplication> [MyApplication_Startup] : アプリケーション開始しました (WithTrim)
  <DATA> C:\Makesource\Windy2(スケジューラー)\Windy2\bin\Release\Windy2.exe
2020/10/26 14:04:45 [情報] <ModuleSaveLoadData> [XMLReadFileList] : 履歴ファイル読み込み
  <DATA> C:\Makesource\Windy2(スケジューラー)\Windy2\bin\Release\FileList.xml
2020/10/26 14:04:45 [情報] <ModuleSaveLoadData> [XMLReadHolidayList] : 休日ファイル書込
  <DATA> C:\Makesource\Windy2(スケジューラー)\Windy2\bin\Release\FileList.xml
2020/10/26 14:04:48 [情報] <ModuleSaveLoadData> [FileDecode] : デコード
  <DATA> C:\SnapShot\新規スケジュール22.wdf → C:\Users\yhagihara\AppData\Local\Temp\8oTBG0B0UVlHhTQmjs3h.wtf
2020/10/26 14:04:48 [情報] <ModuleSaveLoadData> [XMLReadData] : ファイル読み込み
  <DATA> C:\SnapShot\新規スケジュール22.wdf
2020/10/26 14:04:48 [情報] <FrmMain> [ReadData] : データ読込完了
  <DATA> C:\SnapShot\新規スケジュール22.wdf
2020/10/26 14:04:48 [情報] <FrmParent> [OpenFile] : 既存ファイルを開く
  <DATA> C:\SnapShot\新規スケジュール22.wdf
2020/10/26 14:06:02 [情報] <ModuleSaveLoadData> [FileEncode] : エンコード
  <DATA> C:\Users\yhagihara\AppData\Local\Temp\30qtK8FBSS4xjsNLoYc2.wtf → C:\SnapShot\新規スケジュール22.wdf
2020/10/26 14:06:02 [情報] <ModuleSaveLoadData> [XMLSaveData] : ファイル保存
  <DATA> C:\SnapShot\新規スケジュール22.wdf
2020/10/26 14:06:02 [情報] <FrmMain> [SaveData] : データを保存
2020/10/26 14:07:20 [情報] <ModuleSaveLoadData> [FileEncode] : エンコード
  <DATA> C:\Users\yhagihara\AppData\Local\Temp\qzO1uW88mgf1g54HK9aa.wtf → C:\SnapShot\新規スケジュール22.wdf
2020/10/26 14:07:20 [情報] <ModuleSaveLoadData> [XMLSaveData] : ファイル保存
  <DATA> C:\SnapShot\新規スケジュール22.wdf
2020/10/26 14:07:20 [情報] <FrmMain> [SaveData] : データを保存
2020/10/26 14:07:22 [情報] <FrmMain> [FrmMain_FormClosing] : フォーム終了
  <DATA> C:\SnapShot\新規スケジュール22.wdf(テストスケジュール)
2020/10/26 14:07:22 [情報] <ModuleSaveLoadData> [XMLSaveFileList] : 履歴ファイル保存
  <DATA> C:\Makesource\Windy2(スケジューラー)\Windy2\bin\Release\FileList.xml
2020/10/26 14:07:22 [情報] <ModuleSaveLoadData> [XMLSaveHolidayList] : 休日ファイル保存
  <DATA> C:\Makesource\Windy2(スケジューラー)\Windy2\bin\Release\FileList.xml
2020/10/26 14:07:22 [終了] <MyApplication> [MyApplication_Shutdown] : アプリケーションを終了しました
-----------------------------------------------------------------------------
2020/10/26 14:07:46 [開始] <MyApplication> [MyApplication_Startup] : アプリケーション開始しました (WithTrim)
  <DATA> C:\Makesource\Windy2(スケジューラー)\Windy2\bin\Release\Windy2.exe
2020/10/26 14:07:47 [情報] <ModuleSaveLoadData> [XMLReadFileList] : 履歴ファイル読み込み
  <DATA> C:\Makesource\Windy2(スケジューラー)\Windy2\bin\Release\FileList.xml
2020/10/26 14:07:47 [情報] <ModuleSaveLoadData> [XMLReadHolidayList] : 休日ファイル書込
  <DATA> C:\Makesource\Windy2(スケジューラー)\Windy2\bin\Release\FileList.xml
2020/10/26 14:07:48 [情報] <ModuleSaveLoadData> [XMLSaveFileList] : 履歴ファイル保存
  <DATA> C:\Makesource\Windy2(スケジューラー)\Windy2\bin\Release\FileList.xml
2020/10/26 14:07:48 [情報] <ModuleSaveLoadData> [XMLSaveHolidayList] : 休日ファイル保存
  <DATA> C:\Makesource\Windy2(スケジューラー)\Windy2\bin\Release\FileList.xml
2020/10/26 14:07:48 [終了] <MyApplication> [MyApplication_Shutdown] : アプリケーションを終了しました
-----------------------------------------------------------------------------
2020/10/26 14:13:03 [開始] <MyApplication> [MyApplication_Startup] : アプリケーション開始しました (WithTrim)
  <DATA> C:\Makesource\Windy2(スケジューラー)\Windy2\bin\Release\Windy2.exe
2020/10/26 14:13:04 [情報] <ModuleSaveLoadData> [XMLReadFileList] : 履歴ファイル読み込み
  <DATA> C:\Makesource\Windy2(スケジューラー)\Windy2\bin\Release\FileList.xml
2020/10/26 14:13:04 [情報] <ModuleSaveLoadData> [XMLReadHolidayList] : 休日ファイル書込
  <DATA> C:\Makesource\Windy2(スケジューラー)\Windy2\bin\Release\FileList.xml
2020/10/26 14:14:10 [情報] <ModuleSaveLoadData> [FileDecode] : デコード
  <DATA> C:\SnapShot\新規スケジュール22.wdf → C:\Users\yhagihara\AppData\Local\Temp\0GGWSI2nRKSKsjnY4JXi.wtf
2020/10/26 14:14:10 [情報] <ModuleSaveLoadData> [XMLReadData] : ファイル読み込み
  <DATA> C:\SnapShot\新規スケジュール22.wdf
2020/10/26 14:14:11 [情報] <FrmMain> [ReadData] : データ読込完了
  <DATA> C:\SnapShot\新規スケジュール22.wdf
2020/10/26 14:14:11 [情報] <FrmParent> [OpenFile] : 既存ファイルを開く
  <DATA> C:\SnapShot\新規スケジュール22.wdf
2020/10/26 14:14:34 [情報] <ModuleSaveLoadData> [FileEncode] : エンコード
  <DATA> C:\Users\yhagihara\AppData\Local\Temp\llkdDvUqFiQ93W7tL8Da.wtf → C:\SnapShot\新規スケジュール22.wdf
2020/10/26 14:14:34 [情報] <ModuleSaveLoadData> [XMLSaveData] : ファイル保存
  <DATA> C:\SnapShot\新規スケジュール22.wdf
2020/10/26 14:14:34 [情報] <FrmMain> [SaveData] : データを保存
2020/10/26 14:14:34 [情報] <FrmMain> [FrmMain_FormClosing] : 保存終了
  <DATA> C:\SnapShot\新規スケジュール22.wdf(テストスケジュール)
2020/10/26 14:14:34 [情報] <ModuleSaveLoadData> [XMLSaveFileList] : 履歴ファイル保存
  <DATA> C:\Makesource\Windy2(スケジューラー)\Windy2\bin\Release\FileList.xml
2020/10/26 14:14:34 [情報] <ModuleSaveLoadData> [XMLSaveHolidayList] : 休日ファイル保存
  <DATA> C:\Makesource\Windy2(スケジューラー)\Windy2\bin\Release\FileList.xml
2020/10/26 14:14:34 [終了] <MyApplication> [MyApplication_Shutdown] : アプリケーションを終了しました
-----------------------------------------------------------------------------
2020/10/27 8:10:28 [開始] <MyApplication> [MyApplication_Startup] : アプリケーション開始しました (WithTrim)
  <DATA> C:\Makesource\Windy2(スケジューラー)\Windy2\bin\Release\Windy2.exe
2020/10/27 8:10:28 [情報] <ModuleSaveLoadData> [XMLReadFileList] : 履歴ファイル読み込み
  <DATA> C:\Makesource\Windy2(スケジューラー)\Windy2\bin\Release\FileList.xml
2020/10/27 8:10:28 [情報] <ModuleSaveLoadData> [XMLReadHolidayList] : 休日ファイル書込
  <DATA> C:\Makesource\Windy2(スケジューラー)\Windy2\bin\Release\FileList.xml
2020/10/27 8:10:30 [情報] <FrmParent> [ShowNewForm] : 新規作成
2020/10/27 8:11:03 [情報] <FrmMain> [FrmMain_FormClosing] : 破棄終了
  <DATA> (新規スケジュール)
2020/10/27 8:11:03 [情報] <ModuleSaveLoadData> [XMLSaveFileList] : 履歴ファイル保存
  <DATA> C:\Makesource\Windy2(スケジューラー)\Windy2\bin\Release\FileList.xml
2020/10/27 8:11:03 [情報] <ModuleSaveLoadData> [XMLSaveHolidayList] : 休日ファイル保存
  <DATA> C:\Makesource\Windy2(スケジューラー)\Windy2\bin\Release\FileList.xml
2020/10/27 8:11:03 [終了] <MyApplication> [MyApplication_Shutdown] : アプリケーションを終了しました
-----------------------------------------------------------------------------
2020/10/27 8:11:26 [開始] <MyApplication> [MyApplication_Startup] : アプリケーション開始しました (WithTrim)
  <DATA> C:\Makesource\Windy2(スケジューラー)\Windy2\bin\Release\Windy2.exe
2020/10/27 8:11:26 [情報] <ModuleSaveLoadData> [XMLReadFileList] : 履歴ファイル読み込み
  <DATA> C:\Makesource\Windy2(スケジューラー)\Windy2\bin\Release\FileList.xml
2020/10/27 8:11:26 [情報] <ModuleSaveLoadData> [XMLReadHolidayList] : 休日ファイル書込
  <DATA> C:\Makesource\Windy2(スケジューラー)\Windy2\bin\Release\FileList.xml
2020/10/27 8:11:28 [情報] <FrmParent> [ShowNewForm] : 新規作成
2020/10/27 8:11:42 [情報] <ModuleSaveLoadData> [FileEncode] : エンコード
  <DATA> C:\Users\yhagihara\AppData\Local\Temp\lBq50KpfZATn8nges8qP.wtf → C:\SnapShot\テンプレート.wtf
2020/10/27 8:11:42 [情報] <ModuleSaveLoadData> [XMLSaveData] : ファイル保存
  <DATA> C:\SnapShot\テンプレート.wtf
2020/10/27 8:11:42 [情報] <FrmMain> [SaveData] : データを保存
2020/10/27 8:11:58 [情報] <ModuleSaveLoadData> [FileEncode] : エンコード
  <DATA> C:\Users\yhagihara\AppData\Local\Temp\1zEbTwHt6Is7EjKXuoP7.wtf → C:\SnapShot\テンプレート.wtf
2020/10/27 8:11:58 [情報] <ModuleSaveLoadData> [XMLSaveData] : ファイル保存
  <DATA> C:\SnapShot\テンプレート.wtf
2020/10/27 8:11:58 [情報] <FrmMain> [SaveData] : データを保存
2020/10/27 8:12:00 [情報] <FrmMain> [FrmMain_FormClosing] : フォーム終了
  <DATA> C:\SnapShot\テンプレート.wtf(新規スケジュール)
2020/10/27 8:12:00 [情報] <ModuleSaveLoadData> [XMLSaveFileList] : 履歴ファイル保存
  <DATA> C:\Makesource\Windy2(スケジューラー)\Windy2\bin\Release\FileList.xml
2020/10/27 8:12:00 [情報] <ModuleSaveLoadData> [XMLSaveHolidayList] : 休日ファイル保存
  <DATA> C:\Makesource\Windy2(スケジューラー)\Windy2\bin\Release\FileList.xml
2020/10/27 8:12:01 [終了] <MyApplication> [MyApplication_Shutdown] : アプリケーションを終了しました
-----------------------------------------------------------------------------
2020/10/27 8:21:00 [開始] <MyApplication> [MyApplication_Startup] : アプリケーション開始しました (WithTrim)
  <DATA> C:\Makesource\Windy2(スケジューラー)\Windy2\bin\Release\Windy2.exe
2020/10/27 8:21:01 [情報] <ModuleSaveLoadData> [XMLReadFileList] : 履歴ファイル読み込み
  <DATA> C:\Makesource\Windy2(スケジューラー)\Windy2\bin\Release\FileList.xml
2020/10/27 8:21:01 [情報] <ModuleSaveLoadData> [XMLReadHolidayList] : 休日ファイル書込
  <DATA> C:\Makesource\Windy2(スケジューラー)\Windy2\bin\Release\FileList.xml
2020/10/27 8:21:10 [情報] <ModuleSaveLoadData> [XMLSaveFileList] : 履歴ファイル保存
  <DATA> C:\Makesource\Windy2(スケジューラー)\Windy2\bin\Release\FileList.xml
2020/10/27 8:21:10 [情報] <ModuleSaveLoadData> [XMLSaveHolidayList] : 休日ファイル保存
  <DATA> C:\Makesource\Windy2(スケジューラー)\Windy2\bin\Release\FileList.xml
2020/10/27 8:21:11 [終了] <MyApplication> [MyApplication_Shutdown] : アプリケーションを終了しました
-----------------------------------------------------------------------------
2020/10/27 8:23:52 [開始] <MyApplication> [MyApplication_Startup] : アプリケーション開始しました (WithTrim)
  <DATA> C:\Makesource\Windy2(スケジューラー)\Windy2\bin\Release\Windy2.exe
2020/10/27 8:23:52 [情報] <ModuleSaveLoadData> [XMLReadFileList] : 履歴ファイル読み込み
  <DATA> C:\Makesource\Windy2(スケジューラー)\Windy2\bin\Release\FileList.xml
2020/10/27 8:23:52 [情報] <ModuleSaveLoadData> [XMLReadHolidayList] : 休日ファイル書込
  <DATA> C:\Makesource\Windy2(スケジューラー)\Windy2\bin\Release\FileList.xml
2020/10/27 8:24:01 [情報] <FrmParent> [OpenFile] : テンプレートファイルを開く
  <DATA> C:\SnapShot\テンプレート.wtf
2020/10/27 8:24:06 [情報] <FrmMain> [FrmMain_FormClosing] : フォーム終了
  <DATA> (新規スケジュール)
2020/10/27 8:24:33 [情報] <ModuleSaveLoadData> [FileDecode] : デコード
  <DATA> C:\SnapShot\テンプレート.wtf.wdf → C:\Users\yhagihara\AppData\Local\Temp\MEsqU7vDnZRrxUGFqIP1.wtf
2020/10/27 8:24:33 [情報] <ModuleSaveLoadData> [XMLReadData] : ファイル読み込み
  <DATA> C:\SnapShot\テンプレート.wtf.wdf
2020/10/27 8:24:33 [情報] <FrmMain> [ReadData] : データ読込完了
  <DATA> C:\SnapShot\テンプレート.wtf.wdf
2020/10/27 8:24:33 [情報] <FrmParent> [OpenFile] : 既存ファイルを開く
  <DATA> C:\SnapShot\テンプレート.wtf.wdf
2020/10/27 8:24:35 [情報] <FrmMain> [FrmMain_FormClosing] : フォーム終了
  <DATA> C:\SnapShot\テンプレート.wtf.wdf(新規スケジュール)
2020/10/27 8:24:35 [情報] <ModuleSaveLoadData> [XMLSaveFileList] : 履歴ファイル保存
  <DATA> C:\Makesource\Windy2(スケジューラー)\Windy2\bin\Release\FileList.xml
2020/10/27 8:24:35 [情報] <ModuleSaveLoadData> [XMLSaveHolidayList] : 休日ファイル保存
  <DATA> C:\Makesource\Windy2(スケジューラー)\Windy2\bin\Release\FileList.xml
2020/10/27 8:24:35 [終了] <MyApplication> [MyApplication_Shutdown] : アプリケーションを終了しました
-----------------------------------------------------------------------------
2020/10/27 8:25:23 [開始] <MyApplication> [MyApplication_Startup] : アプリケーション開始しました (WithTrim)
  <DATA> C:\Makesource\Windy2(スケジューラー)\Windy2\bin\Release\Windy2.exe
2020/10/27 8:25:23 [情報] <ModuleSaveLoadData> [XMLReadFileList] : 履歴ファイル読み込み
  <DATA> C:\Makesource\Windy2(スケジューラー)\Windy2\bin\Release\FileList.xml
2020/10/27 8:25:23 [情報] <ModuleSaveLoadData> [XMLReadHolidayList] : 休日ファイル書込
  <DATA> C:\Makesource\Windy2(スケジューラー)\Windy2\bin\Release\FileList.xml
2020/10/27 8:25:29 [情報] <FrmParent> [OpenFile] : テンプレートファイルを開く
  <DATA> C:\SnapShot\テンプレート.wtf
2020/10/27 8:25:29 [情報] <ModuleSaveLoadData> [FileDecode] : デコード
  <DATA> C:\SnapShot\テンプレート.wtf → C:\Users\yhagihara\AppData\Local\Temp\5bGx1jKJxeIAc0A2iPAR.wtf
2020/10/27 8:25:29 [情報] <ModuleSaveLoadData> [XMLReadData] : ファイル読み込み
  <DATA> C:\SnapShot\テンプレート.wtf
2020/10/27 8:25:29 [情報] <FrmMain> [ReadData] : データ読込完了
  <DATA> C:\SnapShot\テンプレート.wtf
2020/10/27 8:25:33 [情報] <ModuleSaveLoadData> [FileEncode] : エンコード
  <DATA> C:\Users\yhagihara\AppData\Local\Temp\egAOo1iClbZWVWfksh3v.wtf → C:\SnapShot\テンプレート.wtf
2020/10/27 8:25:33 [情報] <ModuleSaveLoadData> [XMLSaveData] : ファイル保存
  <DATA> C:\SnapShot\テンプレート.wtf
2020/10/27 8:25:33 [情報] <FrmMain> [SaveData] : データを保存
2020/10/27 8:25:45 [情報] <FrmParent> [ShowNewForm] : 新規作成
2020/10/27 8:25:52 [情報] <FrmMain> [FrmMain_FormClosing] : フォーム終了
  <DATA> C:\SnapShot\テンプレート.wtf(新規スケジュール)
2020/10/27 8:25:52 [情報] <FrmMain> [FrmMain_FormClosing] : フォーム終了
  <DATA> (新規スケジュール)
2020/10/27 8:25:52 [情報] <ModuleSaveLoadData> [XMLSaveFileList] : 履歴ファイル保存
  <DATA> C:\Makesource\Windy2(スケジューラー)\Windy2\bin\Release\FileList.xml
2020/10/27 8:25:52 [情報] <ModuleSaveLoadData> [XMLSaveHolidayList] : 休日ファイル保存
  <DATA> C:\Makesource\Windy2(スケジューラー)\Windy2\bin\Release\FileList.xml
2020/10/27 8:25:52 [終了] <MyApplication> [MyApplication_Shutdown] : アプリケーションを終了しました
-----------------------------------------------------------------------------
2020/10/27 8:29:12 [開始] <MyApplication> [MyApplication_Startup] : アプリケーション開始しました (WithTrim)
  <DATA> C:\Makesource\Windy2(スケジューラー)\Windy2\bin\Release\Windy2.exe
2020/10/27 8:29:12 [情報] <ModuleSaveLoadData> [XMLReadFileList] : 履歴ファイル読み込み
  <DATA> C:\Makesource\Windy2(スケジューラー)\Windy2\bin\Release\FileList.xml
2020/10/27 8:29:12 [情報] <ModuleSaveLoadData> [XMLReadHolidayList] : 休日ファイル書込
  <DATA> C:\Makesource\Windy2(スケジューラー)\Windy2\bin\Release\FileList.xml
2020/10/27 8:29:17 [情報] <FrmParent> [ShowNewForm] : 新規作成
2020/10/27 8:29:20 [情報] <FrmMain> [FrmMain_FormClosing] : フォーム終了
  <DATA> (新規スケジュール)
2020/10/27 8:29:25 [情報] <FrmParent> [OpenFile] : テンプレートファイルを開く
  <DATA> C:\SnapShot\テンプレート.wtf
2020/10/27 8:29:25 [情報] <ModuleSaveLoadData> [FileDecode] : デコード
  <DATA> C:\SnapShot\テンプレート.wtf → C:\Users\yhagihara\AppData\Local\Temp\B9vSW4j0gRO270j1JR7t.wtf
2020/10/27 8:29:25 [情報] <ModuleSaveLoadData> [XMLReadData] : ファイル読み込み
  <DATA> C:\SnapShot\テンプレート.wtf
2020/10/27 8:29:25 [情報] <FrmMain> [ReadData] : データ読込完了
  <DATA> C:\SnapShot\テンプレート.wtf
2020/10/27 8:29:28 [情報] <FrmMain> [FrmMain_FormClosing] : フォーム終了
  <DATA> (新規スケジュール)
2020/10/27 8:29:28 [情報] <ModuleSaveLoadData> [XMLSaveFileList] : 履歴ファイル保存
  <DATA> C:\Makesource\Windy2(スケジューラー)\Windy2\bin\Release\FileList.xml
2020/10/27 8:29:28 [情報] <ModuleSaveLoadData> [XMLSaveHolidayList] : 休日ファイル保存
  <DATA> C:\Makesource\Windy2(スケジューラー)\Windy2\bin\Release\FileList.xml
2020/10/27 8:29:28 [終了] <MyApplication> [MyApplication_Shutdown] : アプリケーションを終了しました
-----------------------------------------------------------------------------
2020/10/27 8:30:00 [開始] <MyApplication> [MyApplication_Startup] : アプリケーション開始しました (WithTrim)
  <DATA> C:\Makesource\Windy2(スケジューラー)\Windy2\bin\Release\Windy2.exe
2020/10/27 8:30:01 [情報] <ModuleSaveLoadData> [XMLReadFileList] : 履歴ファイル読み込み
  <DATA> C:\Makesource\Windy2(スケジューラー)\Windy2\bin\Release\FileList.xml
2020/10/27 8:30:01 [情報] <ModuleSaveLoadData> [XMLReadHolidayList] : 休日ファイル書込
  <DATA> C:\Makesource\Windy2(スケジューラー)\Windy2\bin\Release\FileList.xml
2020/10/27 8:30:09 [情報] <FrmParent> [OpenFile] : テンプレートファイルを開く
  <DATA> C:\SnapShot\テンプレート.wtf
2020/10/27 8:30:09 [情報] <ModuleSaveLoadData> [FileDecode] : デコード
  <DATA> C:\SnapShot\テンプレート.wtf → C:\Users\yhagihara\AppData\Local\Temp\z9MnCqXD3vYBRWhHFA1j.wtf
2020/10/27 8:30:09 [情報] <ModuleSaveLoadData> [XMLReadData] : ファイル読み込み
  <DATA> C:\SnapShot\テンプレート.wtf
2020/10/27 8:30:09 [情報] <FrmMain> [ReadData] : データ読込完了
  <DATA> C:\SnapShot\テンプレート.wtf
2020/10/27 8:30:30 [情報] <FrmMain> [FrmMain_FormClosing] : フォーム終了
  <DATA> (新規スケジュール)
2020/10/27 8:30:30 [情報] <ModuleSaveLoadData> [XMLSaveFileList] : 履歴ファイル保存
  <DATA> C:\Makesource\Windy2(スケジューラー)\Windy2\bin\Release\FileList.xml
2020/10/27 8:30:30 [情報] <ModuleSaveLoadData> [XMLSaveHolidayList] : 休日ファイル保存
  <DATA> C:\Makesource\Windy2(スケジューラー)\Windy2\bin\Release\FileList.xml
2020/10/27 8:30:30 [終了] <MyApplication> [MyApplication_Shutdown] : アプリケーションを終了しました
-----------------------------------------------------------------------------
2020/10/27 8:36:11 [開始] <MyApplication> [MyApplication_Startup] : アプリケーション開始しました (WithTrim)
  <DATA> C:\Makesource\Windy2(スケジューラー)\Windy2\bin\Release\Windy2.exe
2020/10/27 8:36:12 [情報] <ModuleSaveLoadData> [XMLReadFileList] : 履歴ファイル読み込み
  <DATA> C:\Makesource\Windy2(スケジューラー)\Windy2\bin\Release\FileList.xml
2020/10/27 8:36:12 [情報] <ModuleSaveLoadData> [XMLReadHolidayList] : 休日ファイル書込
  <DATA> C:\Makesource\Windy2(スケジューラー)\Windy2\bin\Release\FileList.xml
2020/10/27 8:36:26 [情報] <FrmParent> [OpenFile] : テンプレートファイルを開く
  <DATA> C:\SnapShot\テンプレート.wtf
2020/10/27 8:36:26 [情報] <ModuleSaveLoadData> [FileDecode] : デコード
  <DATA> C:\SnapShot\テンプレート.wtf → C:\Users\yhagihara\AppData\Local\Temp\R8N2U9CzWOfJ0InSABt9.wtf
2020/10/27 8:36:26 [情報] <ModuleSaveLoadData> [XMLReadData] : ファイル読み込み
  <DATA> C:\SnapShot\テンプレート.wtf
2020/10/27 8:36:26 [情報] <FrmMain> [ReadData] : データ読込完了
  <DATA> C:\SnapShot\テンプレート.wtf
2020/10/27 8:36:30 [情報] <FrmMain> [FrmMain_FormClosing] : フォーム終了
  <DATA> (新規スケジュール)
2020/10/27 8:36:30 [情報] <ModuleSaveLoadData> [XMLSaveFileList] : 履歴ファイル保存
  <DATA> C:\Makesource\Windy2(スケジューラー)\Windy2\bin\Release\FileList.xml
2020/10/27 8:36:30 [情報] <ModuleSaveLoadData> [XMLSaveHolidayList] : 休日ファイル保存
  <DATA> C:\Makesource\Windy2(スケジューラー)\Windy2\bin\Release\FileList.xml
2020/10/27 8:36:30 [終了] <MyApplication> [MyApplication_Shutdown] : アプリケーションを終了しました
-----------------------------------------------------------------------------
2020/10/27 8:40:54 [開始] <MyApplication> [MyApplication_Startup] : アプリケーション開始しました (WithTrim)
  <DATA> C:\Makesource\Windy2(スケジューラー)\Windy2\bin\Release\Windy2.exe
2020/10/27 8:40:54 [情報] <ModuleSaveLoadData> [XMLReadFileList] : 履歴ファイル読み込み
  <DATA> C:\Makesource\Windy2(スケジューラー)\Windy2\bin\Release\FileList.xml
2020/10/27 8:40:54 [情報] <ModuleSaveLoadData> [XMLReadHolidayList] : 休日ファイル書込
  <DATA> C:\Makesource\Windy2(スケジューラー)\Windy2\bin\Release\FileList.xml
2020/10/27 8:41:22 [情報] <ModuleSaveLoadData> [XMLSaveFileList] : 履歴ファイル保存
  <DATA> C:\Makesource\Windy2(スケジューラー)\Windy2\bin\Release\FileList.xml
2020/10/27 8:41:22 [情報] <ModuleSaveLoadData> [XMLSaveHolidayList] : 休日ファイル保存
  <DATA> C:\Makesource\Windy2(スケジューラー)\Windy2\bin\Release\FileList.xml
2020/10/27 8:41:22 [終了] <MyApplication> [MyApplication_Shutdown] : アプリケーションを終了しました
-----------------------------------------------------------------------------
2020/10/27 8:41:24 [開始] <MyApplication> [MyApplication_Startup] : アプリケーション開始しました (WithTrim)
  <DATA> C:\Makesource\Windy2(スケジューラー)\Windy2\bin\Release\Windy2.exe
2020/10/27 8:41:25 [情報] <ModuleSaveLoadData> [XMLReadFileList] : 履歴ファイル読み込み
  <DATA> C:\Makesource\Windy2(スケジューラー)\Windy2\bin\Release\FileList.xml
2020/10/27 8:41:25 [情報] <ModuleSaveLoadData> [XMLReadHolidayList] : 休日ファイル書込
  <DATA> C:\Makesource\Windy2(スケジューラー)\Windy2\bin\Release\FileList.xml
2020/10/27 8:41:33 [情報] <FrmParent> [OpenFile] : テンプレートファイルを開く
  <DATA> C:\SnapShot\テンプレート.wtf
2020/10/27 8:41:35 [情報] <ModuleSaveLoadData> [FileDecode] : デコード
  <DATA> C:\SnapShot\テンプレート.wtf → C:\Users\yhagihara\AppData\Local\Temp\0gBZLfD2xIgZkgf0BZXD.wtf
2020/10/27 8:41:35 [情報] <ModuleSaveLoadData> [XMLReadData] : ファイル読み込み
  <DATA> C:\SnapShot\テンプレート.wtf
2020/10/27 8:41:35 [情報] <FrmMain> [ReadData] : データ読込完了
  <DATA> C:\SnapShot\テンプレート.wtf
2020/10/27 8:41:58 [情報] <FrmMain> [FrmMain_FormClosing] : フォーム終了
  <DATA> (新規スケジュール)
2020/10/27 8:41:58 [情報] <ModuleSaveLoadData> [XMLSaveFileList] : 履歴ファイル保存
  <DATA> C:\Makesource\Windy2(スケジューラー)\Windy2\bin\Release\FileList.xml
2020/10/27 8:41:58 [情報] <ModuleSaveLoadData> [XMLSaveHolidayList] : 休日ファイル保存
  <DATA> C:\Makesource\Windy2(スケジューラー)\Windy2\bin\Release\FileList.xml
2020/10/27 8:41:58 [終了] <MyApplication> [MyApplication_Shutdown] : アプリケーションを終了しました
-----------------------------------------------------------------------------
2020/10/27 8:45:50 [開始] <MyApplication> [MyApplication_Startup] : アプリケーション開始しました (WithTrim)
  <DATA> C:\Makesource\Windy2(スケジューラー)\Windy2\bin\Release\Windy2.exe
2020/10/27 8:45:51 [情報] <ModuleSaveLoadData> [XMLReadFileList] : 履歴ファイル読み込み
  <DATA> C:\Makesource\Windy2(スケジューラー)\Windy2\bin\Release\FileList.xml
2020/10/27 8:45:51 [情報] <ModuleSaveLoadData> [XMLReadHolidayList] : 休日ファイル書込
  <DATA> C:\Makesource\Windy2(スケジューラー)\Windy2\bin\Release\FileList.xml
2020/10/27 8:45:58 [情報] <FrmParent> [OpenFile] : テンプレートファイルを開く
  <DATA> C:\SnapShot\テンプレート.wtf
2020/10/27 8:45:58 [情報] <ModuleSaveLoadData> [FileDecode] : デコード
  <DATA> C:\SnapShot\テンプレート.wtf → C:\Users\yhagihara\AppData\Local\Temp\Urd16EVsrjLot8w1irxy.wtf
2020/10/27 8:45:58 [情報] <ModuleSaveLoadData> [XMLReadData] : ファイル読み込み
  <DATA> C:\SnapShot\テンプレート.wtf
2020/10/27 8:45:58 [情報] <FrmMain> [ReadData] : データ読込完了
  <DATA> C:\SnapShot\テンプレート.wtf
2020/10/27 8:46:22 [情報] <FrmMain> [FrmMain_FormClosing] : フォーム終了
  <DATA> (新規スケジュール)
2020/10/27 8:46:22 [情報] <ModuleSaveLoadData> [XMLSaveFileList] : 履歴ファイル保存
  <DATA> C:\Makesource\Windy2(スケジューラー)\Windy2\bin\Release\FileList.xml
2020/10/27 8:46:22 [情報] <ModuleSaveLoadData> [XMLSaveHolidayList] : 休日ファイル保存
  <DATA> C:\Makesource\Windy2(スケジューラー)\Windy2\bin\Release\FileList.xml
2020/10/27 8:46:22 [終了] <MyApplication> [MyApplication_Shutdown] : アプリケーションを終了しました
-----------------------------------------------------------------------------
2020/10/27 8:58:10 [開始] <MyApplication> [MyApplication_Startup] : アプリケーション開始しました (WithTrim)
  <DATA> C:\Makesource\Windy2(スケジューラー)\Windy2\bin\Release\Windy2.exe
2020/10/27 8:58:11 [情報] <ModuleSaveLoadData> [XMLReadFileList] : 履歴ファイル読み込み
  <DATA> C:\Makesource\Windy2(スケジューラー)\Windy2\bin\Release\FileList.xml
2020/10/27 8:58:11 [情報] <ModuleSaveLoadData> [XMLReadHolidayList] : 休日ファイル書込
  <DATA> C:\Makesource\Windy2(スケジューラー)\Windy2\bin\Release\FileList.xml
2020/10/27 8:58:18 [情報] <ModuleSaveLoadData> [XMLSaveFileList] : 履歴ファイル保存
  <DATA> C:\Makesource\Windy2(スケジューラー)\Windy2\bin\Release\FileList.xml
2020/10/27 8:58:18 [情報] <ModuleSaveLoadData> [XMLSaveHolidayList] : 休日ファイル保存
  <DATA> C:\Makesource\Windy2(スケジューラー)\Windy2\bin\Release\FileList.xml
2020/10/27 8:58:18 [終了] <MyApplication> [MyApplication_Shutdown] : アプリケーションを終了しました
-----------------------------------------------------------------------------
2020/10/27 9:00:31 [開始] <MyApplication> [MyApplication_Startup] : アプリケーション開始しました (WithTrim)
  <DATA> C:\Makesource\Windy2(スケジューラー)\Windy2\bin\Release\Windy2.exe
2020/10/27 9:00:32 [情報] <ModuleSaveLoadData> [XMLReadFileList] : 履歴ファイル読み込み
  <DATA> C:\Makesource\Windy2(スケジューラー)\Windy2\bin\Release\FileList.xml
2020/10/27 9:00:32 [情報] <ModuleSaveLoadData> [XMLReadHolidayList] : 休日ファイル書込
  <DATA> C:\Makesource\Windy2(スケジューラー)\Windy2\bin\Release\FileList.xml
2020/10/27 9:00:33 [情報] <ModuleSaveLoadData> [XMLSaveFileList] : 履歴ファイル保存
  <DATA> C:\Makesource\Windy2(スケジューラー)\Windy2\bin\Release\FileList.xml
2020/10/27 9:00:33 [情報] <ModuleSaveLoadData> [XMLSaveHolidayList] : 休日ファイル保存
  <DATA> C:\Makesource\Windy2(スケジューラー)\Windy2\bin\Release\FileList.xml
2020/10/27 9:00:33 [終了] <MyApplication> [MyApplication_Shutdown] : アプリケーションを終了しました
-----------------------------------------------------------------------------
2020/10/27 9:14:07 [開始] <MyApplication> [MyApplication_Startup] : アプリケーション開始しました (WithTrim)
  <DATA> C:\Makesource\Windy2(スケジューラー)\Windy2\bin\Release\Windy2.exe
2020/10/27 9:14:08 [情報] <ModuleSaveLoadData> [XMLReadFileList] : 履歴ファイル読み込み
  <DATA> C:\Makesource\Windy2(スケジューラー)\Windy2\bin\Release\FileList.xml
2020/10/27 9:14:08 [情報] <ModuleSaveLoadData> [XMLReadHolidayList] : 休日ファイル書込
  <DATA> C:\Makesource\Windy2(スケジューラー)\Windy2\bin\Release\FileList.xml
2020/10/27 9:14:10 [情報] <ModuleSaveLoadData> [XMLSaveFileList] : 履歴ファイル保存
  <DATA> C:\Makesource\Windy2(スケジューラー)\Windy2\bin\Release\FileList.xml
2020/10/27 9:14:10 [情報] <ModuleSaveLoadData> [XMLSaveHolidayList] : 休日ファイル保存
  <DATA> C:\Makesource\Windy2(スケジューラー)\Windy2\bin\Release\FileList.xml
2020/10/27 9:14:10 [終了] <MyApplication> [MyApplication_Shutdown] : アプリケーションを終了しました
-----------------------------------------------------------------------------
2020/10/27 9:14:31 [開始] <MyApplication> [MyApplication_Startup] : アプリケーション開始しました (WithTrim)
  <DATA> C:\Makesource\Windy2(スケジューラー)\Windy2\bin\Release\Windy2.exe
2020/10/27 9:14:31 [情報] <ModuleSaveLoadData> [XMLReadFileList] : 履歴ファイル読み込み
  <DATA> C:\Makesource\Windy2(スケジューラー)\Windy2\bin\Release\FileList.xml
2020/10/27 9:14:31 [情報] <ModuleSaveLoadData> [XMLReadHolidayList] : 休日ファイル書込
  <DATA> C:\Makesource\Windy2(スケジューラー)\Windy2\bin\Release\FileList.xml
2020/10/27 9:14:41 [情報] <FrmParent> [OpenFile] : テンプレートファイルを開く
  <DATA> C:\SnapShot\テンプレート.wtf
2020/10/27 9:14:41 [情報] <ModuleSaveLoadData> [FileDecode] : デコード
  <DATA> C:\SnapShot\テンプレート.wtf → C:\Users\yhagihara\AppData\Local\Temp\W8QYByH3qWbOev9TlXuV.wtf
2020/10/27 9:14:41 [情報] <ModuleSaveLoadData> [XMLReadData] : ファイル読み込み
  <DATA> C:\SnapShot\テンプレート.wtf
2020/10/27 9:14:41 [情報] <FrmMain> [ReadData] : データ読込完了
  <DATA> C:\SnapShot\テンプレート.wtf
2020/10/27 9:17:13 [情報] <ModuleSaveLoadData> [FileEncode] : エンコード
  <DATA> C:\Users\yhagihara\AppData\Local\Temp\kH7Bj4Ipfjz5UKRppn84.wtf → C:\SnapShot\テンプレート.wtf
2020/10/27 9:17:13 [情報] <ModuleSaveLoadData> [XMLSaveData] : ファイル保存
  <DATA> C:\SnapShot\テンプレート.wtf
2020/10/27 9:17:13 [情報] <FrmMain> [SaveData] : データを保存
2020/10/27 9:17:15 [情報] <FrmMain> [FrmMain_FormClosing] : フォーム終了
  <DATA> C:\SnapShot\テンプレート.wtf(新規スケジュール)
2020/10/27 9:17:21 [情報] <FrmParent> [OpenFile] : テンプレートファイルを開く
  <DATA> C:\SnapShot\テンプレート.wtf
2020/10/27 9:17:21 [情報] <ModuleSaveLoadData> [FileDecode] : デコード
  <DATA> C:\SnapShot\テンプレート.wtf → C:\Users\yhagihara\AppData\Local\Temp\o658wUMWPEPIGojs65n7.wtf
2020/10/27 9:17:21 [情報] <ModuleSaveLoadData> [XMLReadData] : ファイル読み込み
  <DATA> C:\SnapShot\テンプレート.wtf
2020/10/27 9:17:21 [情報] <FrmMain> [ReadData] : データ読込完了
  <DATA> C:\SnapShot\テンプレート.wtf
2020/10/27 9:19:26 [情報] <ModuleSaveLoadData> [FileEncode] : エンコード
  <DATA> C:\Users\yhagihara\AppData\Local\Temp\3bkYyXgetvv2DgHcMDe2.wtf → C:\SnapShot\新規スケジュール22.wdf
2020/10/27 9:19:26 [情報] <ModuleSaveLoadData> [XMLSaveData] : ファイル保存
  <DATA> C:\SnapShot\新規スケジュール22.wdf
2020/10/27 9:19:26 [情報] <FrmMain> [SaveData] : データを保存
2020/10/27 9:19:28 [情報] <ModuleSaveLoadData> [FileEncode] : エンコード
  <DATA> C:\Users\yhagihara\AppData\Local\Temp\xYbZsyCZWzDXWoB97bk9.wtf → C:\SnapShot\新規スケジュール22.wdf
2020/10/27 9:19:28 [情報] <ModuleSaveLoadData> [XMLSaveData] : ファイル保存
  <DATA> C:\SnapShot\新規スケジュール22.wdf
2020/10/27 9:19:28 [情報] <FrmMain> [SaveData] : データを保存
2020/10/27 9:19:51 [情報] <ModuleSaveLoadData> [FileEncode] : エンコード
  <DATA> C:\Users\yhagihara\AppData\Local\Temp\qklRaVAtbZRnUeKsMhF0.wtf → C:\SnapShot\新規スケジュール22.wdf
2020/10/27 9:19:51 [情報] <ModuleSaveLoadData> [XMLSaveData] : ファイル保存
  <DATA> C:\SnapShot\新規スケジュール22.wdf
2020/10/27 9:19:51 [情報] <FrmMain> [SaveData] : データを保存
2020/10/27 9:19:52 [情報] <FrmMain> [FrmMain_FormClosing] : フォーム終了
  <DATA> C:\SnapShot\新規スケジュール22.wdf(新規スケジュール)
2020/10/27 9:19:52 [情報] <ModuleSaveLoadData> [XMLSaveFileList] : 履歴ファイル保存
  <DATA> C:\Makesource\Windy2(スケジューラー)\Windy2\bin\Release\FileList.xml
2020/10/27 9:19:52 [情報] <ModuleSaveLoadData> [XMLSaveHolidayList] : 休日ファイル保存
  <DATA> C:\Makesource\Windy2(スケジューラー)\Windy2\bin\Release\FileList.xml
2020/10/27 9:19:52 [終了] <MyApplication> [MyApplication_Shutdown] : アプリケーションを終了しました
-----------------------------------------------------------------------------
2020/10/27 9:36:05 [開始] <MyApplication> [MyApplication_Startup] : アプリケーション開始しました (WithTrim)
  <DATA> C:\Makesource\Windy2(スケジューラー)\Windy2\bin\Release\Windy2.exe
2020/10/27 9:36:05 [情報] <ModuleSaveLoadData> [XMLReadFileList] : 履歴ファイル読み込み
  <DATA> C:\Makesource\Windy2(スケジューラー)\Windy2\bin\Release\FileList.xml
2020/10/27 9:36:05 [情報] <ModuleSaveLoadData> [XMLReadHolidayList] : 休日ファイル書込
  <DATA> C:\Makesource\Windy2(スケジューラー)\Windy2\bin\Release\FileList.xml
2020/10/27 9:36:10 [情報] <ModuleSaveLoadData> [XMLSaveFileList] : 履歴ファイル保存
  <DATA> C:\Makesource\Windy2(スケジューラー)\Windy2\bin\Release\FileList.xml
2020/10/27 9:36:10 [情報] <ModuleSaveLoadData> [XMLSaveHolidayList] : 休日ファイル保存
  <DATA> C:\Makesource\Windy2(スケジューラー)\Windy2\bin\Release\FileList.xml
2020/10/27 9:36:10 [終了] <MyApplication> [MyApplication_Shutdown] : アプリケーションを終了しました
-----------------------------------------------------------------------------
2020/10/27 9:36:16 [開始] <MyApplication> [MyApplication_Startup] : アプリケーション開始しました (WithTrim)
  <DATA> C:\Makesource\Windy2(スケジューラー)\Windy2\bin\Release\Windy2.exe
2020/10/27 9:36:17 [情報] <ModuleSaveLoadData> [XMLReadFileList] : 履歴ファイル読み込み
  <DATA> C:\Makesource\Windy2(スケジューラー)\Windy2\bin\Release\FileList.xml
2020/10/27 9:36:17 [情報] <ModuleSaveLoadData> [XMLReadHolidayList] : 休日ファイル書込
  <DATA> C:\Makesource\Windy2(スケジューラー)\Windy2\bin\Release\FileList.xml
2020/10/27 9:36:22 [情報] <FrmParent> [OpenFile] : テンプレートファイルを開く
  <DATA> C:\SnapShot\テンプレート.wtf
2020/10/27 9:36:22 [情報] <ModuleSaveLoadData> [FileDecode] : デコード
  <DATA> C:\SnapShot\テンプレート.wtf → C:\Users\yhagihara\AppData\Local\Temp\4NMUkJvincfSsB5KK48d.wtf
2020/10/27 9:36:22 [情報] <ModuleSaveLoadData> [XMLReadData] : ファイル読み込み
  <DATA> C:\SnapShot\テンプレート.wtf
2020/10/27 9:36:23 [情報] <FrmMain> [ReadData] : データ読込完了
  <DATA> C:\SnapShot\テンプレート.wtf
2020/10/27 9:36:43 [情報] <FrmParent> [OpenFile] : テンプレートファイルを開く
  <DATA> C:\SnapShot\テンプレート.wtf
2020/10/27 9:36:43 [情報] <ModuleSaveLoadData> [FileDecode] : デコード
  <DATA> C:\SnapShot\テンプレート.wtf → C:\Users\yhagihara\AppData\Local\Temp\qNTQWJThRY3JInSM3HT7.wtf
2020/10/27 9:36:43 [情報] <ModuleSaveLoadData> [XMLReadData] : ファイル読み込み
  <DATA> C:\SnapShot\テンプレート.wtf
2020/10/27 9:36:44 [情報] <FrmMain> [ReadData] : データ読込完了
  <DATA> C:\SnapShot\テンプレート.wtf
2020/10/27 9:37:01 [情報] <FrmMain> [FrmMain_FormClosing] : 破棄終了
  <DATA> (新規スケジュール)
2020/10/27 9:37:02 [情報] <FrmMain> [FrmMain_FormClosing] : 破棄終了
  <DATA> (新規スケジュール)
2020/10/27 9:37:02 [情報] <ModuleSaveLoadData> [XMLSaveFileList] : 履歴ファイル保存
  <DATA> C:\Makesource\Windy2(スケジューラー)\Windy2\bin\Release\FileList.xml
2020/10/27 9:37:02 [情報] <ModuleSaveLoadData> [XMLSaveHolidayList] : 休日ファイル保存
  <DATA> C:\Makesource\Windy2(スケジューラー)\Windy2\bin\Release\FileList.xml
2020/10/27 9:37:02 [終了] <MyApplication> [MyApplication_Shutdown] : アプリケーションを終了しました
-----------------------------------------------------------------------------
2020/10/27 9:43:08 [開始] <MyApplication> [MyApplication_Startup] : アプリケーション開始しました (WithTrim)
  <DATA> C:\Makesource\Windy2(スケジューラー)\Windy2\bin\Release\Windy2.exe
2020/10/27 9:43:08 [情報] <ModuleSaveLoadData> [XMLReadFileList] : 履歴ファイル読み込み
  <DATA> C:\Makesource\Windy2(スケジューラー)\Windy2\bin\Release\FileList.xml
2020/10/27 9:43:08 [情報] <ModuleSaveLoadData> [XMLReadHolidayList] : 休日ファイル書込
  <DATA> C:\Makesource\Windy2(スケジューラー)\Windy2\bin\Release\FileList.xml
2020/10/27 9:43:12 [情報] <ModuleSaveLoadData> [FileDecode] : デコード
  <DATA> C:\SnapShot\新規スケジュール22.wdf → C:\Users\yhagihara\AppData\Local\Temp\6M2ZhB8FcjaMhA6GnfjH.wtf
2020/10/27 9:43:12 [情報] <ModuleSaveLoadData> [XMLReadData] : ファイル読み込み
  <DATA> C:\SnapShot\新規スケジュール22.wdf
2020/10/27 9:43:12 [情報] <FrmMain> [ReadData] : データ読込完了
  <DATA> C:\SnapShot\新規スケジュール22.wdf
2020/10/27 9:43:12 [情報] <FrmParent> [OpenFile] : 既存ファイルを開く
  <DATA> C:\SnapShot\新規スケジュール22.wdf
2020/10/27 9:43:20 [情報] <ModuleSaveLoadData> [FileDecode] : デコード
  <DATA> C:\SnapShot\新規スケジュール.wdf → C:\Users\yhagihara\AppData\Local\Temp\JBtIss1fkEqZojBygBGU.wtf
2020/10/27 9:43:20 [情報] <ModuleSaveLoadData> [XMLReadData] : ファイル読み込み
  <DATA> C:\SnapShot\新規スケジュール.wdf
2020/10/27 9:43:20 [情報] <FrmMain> [ReadData] : データ読込完了
  <DATA> C:\SnapShot\新規スケジュール.wdf
2020/10/27 9:43:20 [情報] <FrmParent> [OpenFile] : 既存ファイルを開く
  <DATA> C:\SnapShot\新規スケジュール.wdf
2020/10/27 9:43:29 [情報] <FrmMain> [FrmMain_FormClosing] : フォーム終了
  <DATA> C:\SnapShot\新規スケジュール22.wdf(新規スケジュール)
2020/10/27 9:43:30 [情報] <FrmMain> [FrmMain_FormClosing] : フォーム終了
  <DATA> C:\SnapShot\新規スケジュール.wdf(新規スケジュール)
2020/10/27 9:43:32 [情報] <ModuleSaveLoadData> [XMLSaveFileList] : 履歴ファイル保存
  <DATA> C:\Makesource\Windy2(スケジューラー)\Windy2\bin\Release\FileList.xml
2020/10/27 9:43:32 [情報] <ModuleSaveLoadData> [XMLSaveHolidayList] : 休日ファイル保存
  <DATA> C:\Makesource\Windy2(スケジューラー)\Windy2\bin\Release\FileList.xml
2020/10/27 9:43:32 [終了] <MyApplication> [MyApplication_Shutdown] : アプリケーションを終了しました
-----------------------------------------------------------------------------
2020/10/27 9:43:40 [開始] <MyApplication> [MyApplication_Startup] : アプリケーション開始しました (WithTrim)
  <DATA> C:\Makesource\Windy2(スケジューラー)\Windy2\bin\Release\Windy2.exe
2020/10/27 9:43:41 [情報] <ModuleSaveLoadData> [XMLReadFileList] : 履歴ファイル読み込み
  <DATA> C:\Makesource\Windy2(スケジューラー)\Windy2\bin\Release\FileList.xml
2020/10/27 9:43:41 [情報] <ModuleSaveLoadData> [XMLReadHolidayList] : 休日ファイル書込
  <DATA> C:\Makesource\Windy2(スケジューラー)\Windy2\bin\Release\FileList.xml
2020/10/27 9:43:49 [情報] <ModuleSaveLoadData> [XMLSaveFileList] : 履歴ファイル保存
  <DATA> C:\Makesource\Windy2(スケジューラー)\Windy2\bin\Release\FileList.xml
2020/10/27 9:43:49 [情報] <ModuleSaveLoadData> [XMLSaveHolidayList] : 休日ファイル保存
  <DATA> C:\Makesource\Windy2(スケジューラー)\Windy2\bin\Release\FileList.xml
2020/10/27 9:43:49 [終了] <MyApplication> [MyApplication_Shutdown] : アプリケーションを終了しました
-----------------------------------------------------------------------------
2020/10/27 9:43:51 [開始] <MyApplication> [MyApplication_Startup] : アプリケーション開始しました (WithTrim)
  <DATA> C:\Makesource\Windy2(スケジューラー)\Windy2\bin\Release\Windy2.exe
2020/10/27 9:43:51 [情報] <ModuleSaveLoadData> [XMLReadFileList] : 履歴ファイル読み込み
  <DATA> C:\Makesource\Windy2(スケジューラー)\Windy2\bin\Release\FileList.xml
2020/10/27 9:43:51 [情報] <ModuleSaveLoadData> [XMLReadHolidayList] : 休日ファイル書込
  <DATA> C:\Makesource\Windy2(スケジューラー)\Windy2\bin\Release\FileList.xml
2020/10/27 9:43:59 [情報] <FrmParent> [OpenFile] : テンプレートファイルを開く
  <DATA> C:\SnapShot\テンプレート.wtf
2020/10/27 9:43:59 [情報] <ModuleSaveLoadData> [FileDecode] : デコード
  <DATA> C:\SnapShot\テンプレート.wtf → C:\Users\yhagihara\AppData\Local\Temp\uSCafUlNvpIhv8fKqS0h.wtf
2020/10/27 9:43:59 [情報] <ModuleSaveLoadData> [XMLReadData] : ファイル読み込み
  <DATA> C:\SnapShot\テンプレート.wtf
2020/10/27 9:43:59 [情報] <FrmMain> [ReadData] : データ読込完了
  <DATA> C:\SnapShot\テンプレート.wtf
2020/10/27 9:44:07 [情報] <ModuleSaveLoadData> [FileEncode] : エンコード
  <DATA> C:\Users\yhagihara\AppData\Local\Temp\FdKKgEONzDbqsc8TrRHy.wtf → C:\SnapShot\aaa.wdf
2020/10/27 9:44:07 [情報] <ModuleSaveLoadData> [XMLSaveData] : ファイル保存
  <DATA> C:\SnapShot\aaa.wdf
2020/10/27 9:44:07 [情報] <FrmMain> [SaveData] : データを保存
2020/10/27 9:44:09 [情報] <FrmMain> [FrmMain_FormClosing] : フォーム終了
  <DATA> C:\SnapShot\aaa.wdf(新規スケジュール)
2020/10/27 9:44:14 [情報] <ModuleSaveLoadData> [XMLSaveFileList] : 履歴ファイル保存
  <DATA> C:\Makesource\Windy2(スケジューラー)\Windy2\bin\Release\FileList.xml
2020/10/27 9:44:14 [情報] <ModuleSaveLoadData> [XMLSaveHolidayList] : 休日ファイル保存
  <DATA> C:\Makesource\Windy2(スケジューラー)\Windy2\bin\Release\FileList.xml
2020/10/27 9:44:14 [終了] <MyApplication> [MyApplication_Shutdown] : アプリケーションを終了しました
-----------------------------------------------------------------------------
2020/10/27 9:44:16 [開始] <MyApplication> [MyApplication_Startup] : アプリケーション開始しました (WithTrim)
  <DATA> C:\Makesource\Windy2(スケジューラー)\Windy2\bin\Release\Windy2.exe
2020/10/27 9:44:16 [情報] <ModuleSaveLoadData> [XMLReadFileList] : 履歴ファイル読み込み
  <DATA> C:\Makesource\Windy2(スケジューラー)\Windy2\bin\Release\FileList.xml
2020/10/27 9:44:16 [情報] <ModuleSaveLoadData> [XMLReadHolidayList] : 休日ファイル書込
  <DATA> C:\Makesource\Windy2(スケジューラー)\Windy2\bin\Release\FileList.xml
2020/10/27 9:44:33 [情報] <FrmParent> [OpenFile] : テンプレートファイルを開く
  <DATA> C:\SnapShot\テンプレート.wtf
2020/10/27 9:44:33 [情報] <ModuleSaveLoadData> [FileDecode] : デコード
  <DATA> C:\SnapShot\テンプレート.wtf → C:\Users\yhagihara\AppData\Local\Temp\F9shECJj4vnPdxfIncsB.wtf
2020/10/27 9:44:33 [情報] <ModuleSaveLoadData> [XMLReadData] : ファイル読み込み
  <DATA> C:\SnapShot\テンプレート.wtf
2020/10/27 9:44:33 [情報] <FrmMain> [ReadData] : データ読込完了
  <DATA> C:\SnapShot\テンプレート.wtf
2020/10/27 9:44:47 [情報] <ModuleSaveLoadData> [FileEncode] : エンコード
  <DATA> C:\Users\yhagihara\AppData\Local\Temp\LZc0ChP0H61GEq1wqCnz.wtf → C:\SnapShot\テンプレー.wtf
2020/10/27 9:44:47 [情報] <ModuleSaveLoadData> [XMLSaveData] : ファイル保存
  <DATA> C:\SnapShot\テンプレー.wtf
2020/10/27 9:44:47 [情報] <FrmMain> [SaveData] : データを保存
2020/10/27 9:44:50 [情報] <FrmMain> [FrmMain_FormClosing] : フォーム終了
  <DATA> C:\SnapShot\テンプレー.wtf(新規スケジュール)
2020/10/27 9:44:55 [情報] <ModuleSaveLoadData> [XMLSaveFileList] : 履歴ファイル保存
  <DATA> C:\Makesource\Windy2(スケジューラー)\Windy2\bin\Release\FileList.xml
2020/10/27 9:44:55 [情報] <ModuleSaveLoadData> [XMLSaveHolidayList] : 休日ファイル保存
  <DATA> C:\Makesource\Windy2(スケジューラー)\Windy2\bin\Release\FileList.xml
2020/10/27 9:44:55 [終了] <MyApplication> [MyApplication_Shutdown] : アプリケーションを終了しました
-----------------------------------------------------------------------------
2020/10/27 9:46:23 [開始] <MyApplication> [MyApplication_Startup] : アプリケーション開始しました (WithTrim)
  <DATA> C:\Makesource\Windy2(スケジューラー)\Windy2\bin\Release\Windy2.exe
2020/10/27 9:46:23 [情報] <ModuleSaveLoadData> [XMLReadFileList] : 履歴ファイル読み込み
  <DATA> C:\Makesource\Windy2(スケジューラー)\Windy2\bin\Release\FileList.xml
2020/10/27 9:46:23 [情報] <ModuleSaveLoadData> [XMLReadHolidayList] : 休日ファイル書込
  <DATA> C:\Makesource\Windy2(スケジューラー)\Windy2\bin\Release\FileList.xml
2020/10/27 9:46:45 [情報] <ModuleSaveLoadData> [FileDecode] : デコード
  <DATA> C:\SnapShot\新規スケジュール22.wdf → C:\Users\yhagihara\AppData\Local\Temp\ZKIeKwJM9raSutmQnfOD.wtf
2020/10/27 9:46:45 [情報] <ModuleSaveLoadData> [XMLReadData] : ファイル読み込み
  <DATA> C:\SnapShot\新規スケジュール22.wdf
2020/10/27 9:46:45 [情報] <FrmMain> [ReadData] : データ読込完了
  <DATA> C:\SnapShot\新規スケジュール22.wdf
2020/10/27 9:46:45 [情報] <FrmParent> [OpenFile] : 既存ファイルを開く
  <DATA> C:\SnapShot\新規スケジュール22.wdf
2020/10/27 9:46:58 [情報] <ModuleSaveLoadData> [FileEncode] : エンコード
  <DATA> C:\Users\yhagihara\AppData\Local\Temp\RqvYBXIW8SGRvr22vCal.wtf → C:\SnapShot\新規スケジュール22.wdf
2020/10/27 9:46:58 [情報] <ModuleSaveLoadData> [XMLSaveData] : ファイル保存
  <DATA> C:\SnapShot\新規スケジュール22.wdf
2020/10/27 9:46:58 [情報] <FrmMain> [SaveData] : データを保存
2020/10/27 9:46:59 [情報] <FrmMain> [FrmMain_FormClosing] : フォーム終了
  <DATA> C:\SnapShot\新規スケジュール22.wdf(新規スケジュール)
2020/10/27 9:46:59 [情報] <ModuleSaveLoadData> [XMLSaveFileList] : 履歴ファイル保存
  <DATA> C:\Makesource\Windy2(スケジューラー)\Windy2\bin\Release\FileList.xml
2020/10/27 9:46:59 [情報] <ModuleSaveLoadData> [XMLSaveHolidayList] : 休日ファイル保存
  <DATA> C:\Makesource\Windy2(スケジューラー)\Windy2\bin\Release\FileList.xml
2020/10/27 9:46:59 [終了] <MyApplication> [MyApplication_Shutdown] : アプリケーションを終了しました
-----------------------------------------------------------------------------
2020/10/27 10:43:44 [開始] <MyApplication> [MyApplication_Startup] : アプリケーション開始しました (WithTrim)
  <DATA> C:\Makesource\Windy2(スケジューラー)\Windy2\bin\Release\Windy2.exe
2020/10/27 10:43:45 [情報] <ModuleSaveLoadData> [XMLReadFileList] : 履歴ファイル読み込み
  <DATA> C:\Makesource\Windy2(スケジューラー)\Windy2\bin\Release\FileList.xml
2020/10/27 10:43:45 [情報] <ModuleSaveLoadData> [XMLReadHolidayList] : 休日ファイル書込
  <DATA> C:\Makesource\Windy2(スケジューラー)\Windy2\bin\Release\FileList.xml
2020/10/27 10:43:59 [情報] <ModuleSaveLoadData> [XMLSaveFileList] : 履歴ファイル保存
  <DATA> C:\Makesource\Windy2(スケジューラー)\Windy2\bin\Release\FileList.xml
2020/10/27 10:43:59 [情報] <ModuleSaveLoadData> [XMLSaveHolidayList] : 休日ファイル保存
  <DATA> C:\Makesource\Windy2(スケジューラー)\Windy2\bin\Release\FileList.xml
2020/10/27 10:43:59 [終了] <MyApplication> [MyApplication_Shutdown] : アプリケーションを終了しました
-----------------------------------------------------------------------------
2020/10/27 10:46:58 [開始] <MyApplication> [MyApplication_Startup] : アプリケーション開始しました (WithTrim)
  <DATA> C:\Makesource\Windy2(スケジューラー)\Windy2\bin\Release\Windy2.exe
2020/10/27 10:46:59 [情報] <ModuleSaveLoadData> [XMLReadFileList] : 履歴ファイル読み込み
  <DATA> C:\Makesource\Windy2(スケジューラー)\Windy2\bin\Release\FileList.xml
2020/10/27 10:46:59 [情報] <ModuleSaveLoadData> [XMLReadHolidayList] : 休日ファイル書込
  <DATA> C:\Makesource\Windy2(スケジューラー)\Windy2\bin\Release\FileList.xml
2020/10/27 10:47:08 [情報] <ModuleSaveLoadData> [FileDecode] : デコード
  <DATA> C:\SnapShot\新規スケジュール22.wdf → C:\Users\yhagihara\AppData\Local\Temp\mKIjdMD46MgEJ4xhxEqu.wtf
2020/10/27 10:47:09 [情報] <ModuleSaveLoadData> [XMLReadData] : ファイル読み込み
  <DATA> C:\SnapShot\新規スケジュール22.wdf
2020/10/27 10:47:09 [情報] <FrmMain> [ReadData] : データ読込完了
  <DATA> C:\SnapShot\新規スケジュール22.wdf
2020/10/27 10:47:09 [情報] <FrmParent> [OpenFile] : 既存ファイルを開く
  <DATA> C:\SnapShot\新規スケジュール22.wdf
2020/10/27 10:47:18 [情報] <FrmMain> [FrmMain_FormClosing] : フォーム終了
  <DATA> C:\SnapShot\新規スケジュール22.wdf(新規スケジュール)
2020/10/27 10:47:28 [情報] <ModuleSaveLoadData> [FileDecode] : デコード
  <DATA> C:\SnapShot\新規スケジュール22.wdf → C:\Users\yhagihara\AppData\Local\Temp\IVD69NEkDb3T6T6MXhNY.wtf
2020/10/27 10:47:28 [情報] <ModuleSaveLoadData> [XMLReadData] : ファイル読み込み
  <DATA> C:\SnapShot\新規スケジュール22.wdf
2020/10/27 10:47:28 [情報] <FrmMain> [ReadData] : データ読込完了
  <DATA> C:\SnapShot\新規スケジュール22.wdf
2020/10/27 10:47:28 [情報] <FrmParent> [OpenFile] : 既存ファイルを開く
  <DATA> C:\SnapShot\新規スケジュール22.wdf
2020/10/27 10:47:32 [情報] <FrmMain> [FrmMain_FormClosing] : フォーム終了
  <DATA> C:\SnapShot\新規スケジュール22.wdf(新規スケジュール)
2020/10/27 10:47:32 [情報] <ModuleSaveLoadData> [XMLSaveFileList] : 履歴ファイル保存
  <DATA> C:\Makesource\Windy2(スケジューラー)\Windy2\bin\Release\FileList.xml
2020/10/27 10:47:32 [情報] <ModuleSaveLoadData> [XMLSaveHolidayList] : 休日ファイル保存
  <DATA> C:\Makesource\Windy2(スケジューラー)\Windy2\bin\Release\FileList.xml
2020/10/27 10:47:32 [終了] <MyApplication> [MyApplication_Shutdown] : アプリケーションを終了しました
-----------------------------------------------------------------------------
2020/10/27 10:47:44 [開始] <MyApplication> [MyApplication_Startup] : アプリケーション開始しました (WithTrim)
  <DATA> C:\Makesource\Windy2(スケジューラー)\Windy2\bin\Release\Windy2.exe
2020/10/27 10:47:45 [情報] <ModuleSaveLoadData> [XMLReadFileList] : 履歴ファイル読み込み
  <DATA> C:\Makesource\Windy2(スケジューラー)\Windy2\bin\Release\FileList.xml
2020/10/27 10:47:45 [情報] <ModuleSaveLoadData> [XMLReadHolidayList] : 休日ファイル書込
  <DATA> C:\Makesource\Windy2(スケジューラー)\Windy2\bin\Release\FileList.xml
2020/10/27 10:47:49 [情報] <ModuleSaveLoadData> [FileDecode] : デコード
  <DATA> C:\SnapShot\新規スケジュール22.wdf → C:\Users\yhagihara\AppData\Local\Temp\ZV8HK8FMmEEIg8PjROVt.wtf
2020/10/27 10:47:49 [情報] <ModuleSaveLoadData> [XMLReadData] : ファイル読み込み
  <DATA> C:\SnapShot\新規スケジュール22.wdf
2020/10/27 10:47:49 [情報] <FrmMain> [ReadData] : データ読込完了
  <DATA> C:\SnapShot\新規スケジュール22.wdf
2020/10/27 10:47:49 [情報] <FrmParent> [OpenFile] : 既存ファイルを開く
  <DATA> C:\SnapShot\新規スケジュール22.wdf
2020/10/27 10:47:53 [情報] <FrmMain> [FrmMain_FormClosing] : フォーム終了
  <DATA> C:\SnapShot\新規スケジュール22.wdf(新規スケジュール)
2020/10/27 10:47:53 [情報] <ModuleSaveLoadData> [XMLSaveFileList] : 履歴ファイル保存
  <DATA> C:\Makesource\Windy2(スケジューラー)\Windy2\bin\Release\FileList.xml
2020/10/27 10:47:53 [情報] <ModuleSaveLoadData> [XMLSaveHolidayList] : 休日ファイル保存
  <DATA> C:\Makesource\Windy2(スケジューラー)\Windy2\bin\Release\FileList.xml
2020/10/27 10:47:53 [終了] <MyApplication> [MyApplication_Shutdown] : アプリケーションを終了しました
-----------------------------------------------------------------------------
2020/10/27 10:47:59 [開始] <MyApplication> [MyApplication_Startup] : アプリケーション開始しました (WithTrim)
  <DATA> C:\Makesource\Windy2(スケジューラー)\Windy2\bin\Release\Windy2.exe
2020/10/27 10:48:00 [情報] <ModuleSaveLoadData> [XMLReadFileList] : 履歴ファイル読み込み
  <DATA> C:\Makesource\Windy2(スケジューラー)\Windy2\bin\Release\FileList.xml
2020/10/27 10:48:00 [情報] <ModuleSaveLoadData> [XMLReadHolidayList] : 休日ファイル書込
  <DATA> C:\Makesource\Windy2(スケジューラー)\Windy2\bin\Release\FileList.xml
2020/10/27 10:48:06 [情報] <ModuleSaveLoadData> [FileDecode] : デコード
  <DATA> C:\SnapShot\新規スケジュール22.wdf → C:\Users\yhagihara\AppData\Local\Temp\oE6x8zk8ote3ELZ2x47E.wtf
2020/10/27 10:48:07 [情報] <ModuleSaveLoadData> [XMLReadData] : ファイル読み込み
  <DATA> C:\SnapShot\新規スケジュール22.wdf
2020/10/27 10:48:07 [情報] <FrmMain> [ReadData] : データ読込完了
  <DATA> C:\SnapShot\新規スケジュール22.wdf
2020/10/27 10:48:07 [情報] <FrmParent> [OpenFile] : 既存ファイルを開く
  <DATA> C:\SnapShot\新規スケジュール22.wdf
-----------------------------------------------------------------------------
2020/10/27 10:48:50 [開始] <MyApplication> [MyApplication_Startup] : アプリケーション開始しました (WithTrim)
  <DATA> C:\Makesource\Windy2(スケジューラー)\Windy2\bin\Release\Windy2.exe
2020/10/27 10:48:51 [情報] <ModuleSaveLoadData> [XMLReadFileList] : 履歴ファイル読み込み
  <DATA> C:\Makesource\Windy2(スケジューラー)\Windy2\bin\Release\FileList.xml
2020/10/27 10:48:51 [情報] <ModuleSaveLoadData> [XMLReadHolidayList] : 休日ファイル書込
  <DATA> C:\Makesource\Windy2(スケジューラー)\Windy2\bin\Release\FileList.xml
2020/10/27 10:48:55 [情報] <ModuleSaveLoadData> [FileDecode] : デコード
  <DATA> C:\SnapShot\新規スケジュール22.wdf → C:\Users\yhagihara\AppData\Local\Temp\xaJ0hgR3ezFR35C1kqaV.wtf
2020/10/27 10:48:55 [情報] <ModuleSaveLoadData> [XMLReadData] : ファイル読み込み
  <DATA> C:\SnapShot\新規スケジュール22.wdf
2020/10/27 10:48:55 [情報] <FrmMain> [ReadData] : データ読込完了
  <DATA> C:\SnapShot\新規スケジュール22.wdf
2020/10/27 10:48:55 [情報] <FrmParent> [OpenFile] : 既存ファイルを開く
  <DATA> C:\SnapShot\新規スケジュール22.wdf
2020/10/27 10:49:48 [情報] <FrmMain> [FrmMain_FormClosing] : フォーム終了
  <DATA> C:\SnapShot\新規スケジュール22.wdf(新規スケジュール)
2020/10/27 10:49:54 [情報] <ModuleSaveLoadData> [FileDecode] : デコード
  <DATA> C:\SnapShot\新規スケジュール.wdf → C:\Users\yhagihara\AppData\Local\Temp\SYU5pDCsFD0z0OzeyycK.wtf
2020/10/27 10:49:54 [情報] <ModuleSaveLoadData> [XMLReadData] : ファイル読み込み
  <DATA> C:\SnapShot\新規スケジュール.wdf
2020/10/27 10:49:55 [情報] <FrmMain> [ReadData] : データ読込完了
  <DATA> C:\SnapShot\新規スケジュール.wdf
2020/10/27 10:49:55 [情報] <FrmParent> [OpenFile] : 既存ファイルを開く
  <DATA> C:\SnapShot\新規スケジュール.wdf
2020/10/27 10:50:08 [情報] <ModuleSaveLoadData> [FileDecode] : デコード
  <DATA> C:\SnapShot\新規スケジュール22.wdf → C:\Users\yhagihara\AppData\Local\Temp\SJQGW0MQWpltVCbdDInV.wtf
2020/10/27 10:50:08 [情報] <ModuleSaveLoadData> [XMLReadData] : ファイル読み込み
  <DATA> C:\SnapShot\新規スケジュール22.wdf
2020/10/27 10:50:08 [情報] <FrmMain> [ReadData] : データ読込完了
  <DATA> C:\SnapShot\新規スケジュール22.wdf
2020/10/27 10:50:08 [情報] <FrmParent> [OpenFile] : 既存ファイルを開く
  <DATA> C:\SnapShot\新規スケジュール22.wdf
2020/10/27 10:50:25 [情報] <FrmMain> [FrmMain_FormClosing] : フォーム終了
  <DATA> C:\SnapShot\新規スケジュール.wdf(新規スケジュール)
2020/10/27 10:50:25 [情報] <FrmMain> [FrmMain_FormClosing] : フォーム終了
  <DATA> C:\SnapShot\新規スケジュール22.wdf(新規スケジュール)
2020/10/27 10:50:25 [情報] <ModuleSaveLoadData> [XMLSaveFileList] : 履歴ファイル保存
  <DATA> C:\Makesource\Windy2(スケジューラー)\Windy2\bin\Release\FileList.xml
2020/10/27 10:50:25 [情報] <ModuleSaveLoadData> [XMLSaveHolidayList] : 休日ファイル保存
  <DATA> C:\Makesource\Windy2(スケジューラー)\Windy2\bin\Release\FileList.xml
2020/10/27 10:50:25 [終了] <MyApplication> [MyApplication_Shutdown] : アプリケーションを終了しました
-----------------------------------------------------------------------------
2020/10/27 13:28:05 [開始] <MyApplication> [MyApplication_Startup] : アプリケーション開始しました (WithTrim)
  <DATA> C:\Makesource\Windy2(スケジューラー)\Windy2\bin\Release\Windy2.exe
2020/10/27 13:28:06 [情報] <ModuleSaveLoadData> [XMLReadFileList] : 履歴ファイル読み込み
  <DATA> C:\Makesource\Windy2(スケジューラー)\Windy2\bin\Release\FileList.xml
2020/10/27 13:28:06 [情報] <ModuleSaveLoadData> [XMLReadHolidayList] : 休日ファイル書込
  <DATA> C:\Makesource\Windy2(スケジューラー)\Windy2\bin\Release\FileList.xml
2020/10/27 13:28:10 [情報] <FrmParent> [ShowNewForm] : 新規作成
2020/10/27 13:28:31 [情報] <FrmMain> [FrmMain_FormClosing] : 破棄終了
  <DATA> (新規スケジュール)
2020/10/27 13:28:31 [情報] <ModuleSaveLoadData> [XMLSaveFileList] : 履歴ファイル保存
  <DATA> C:\Makesource\Windy2(スケジューラー)\Windy2\bin\Release\FileList.xml
2020/10/27 13:28:31 [情報] <ModuleSaveLoadData> [XMLSaveHolidayList] : 休日ファイル保存
  <DATA> C:\Makesource\Windy2(スケジューラー)\Windy2\bin\Release\FileList.xml
2020/10/27 13:28:31 [終了] <MyApplication> [MyApplication_Shutdown] : アプリケーションを終了しました
-----------------------------------------------------------------------------
2020/10/27 15:14:50 [開始] <MyApplication> [MyApplication_Startup] : アプリケーション開始しました (WithTrim)
  <DATA> C:\Makesource\Windy2(スケジューラー)\Windy2\bin\Release\Windy2.exe
2020/10/27 15:14:51 [情報] <ModuleSaveLoadData> [XMLReadFileList] : 履歴ファイル読み込み
  <DATA> C:\Makesource\Windy2(スケジューラー)\Windy2\bin\Release\FileList.xml
2020/10/27 15:14:51 [情報] <ModuleSaveLoadData> [XMLReadHolidayList] : 休日ファイル書込
  <DATA> C:\Makesource\Windy2(スケジューラー)\Windy2\bin\Release\FileList.xml
2020/10/27 15:14:53 [情報] <ModuleSaveLoadData> [XMLSaveFileList] : 履歴ファイル保存
  <DATA> C:\Makesource\Windy2(スケジューラー)\Windy2\bin\Release\FileList.xml
2020/10/27 15:14:53 [情報] <ModuleSaveLoadData> [XMLSaveHolidayList] : 休日ファイル保存
  <DATA> C:\Makesource\Windy2(スケジューラー)\Windy2\bin\Release\FileList.xml
2020/10/27 15:14:53 [終了] <MyApplication> [MyApplication_Shutdown] : アプリケーションを終了しました
